time="2020-06-01T00:05:56+08:00" level=error func=Flipped_Server/logger.SetToLogger file="F:/Go_WorkSpace/Projects/src/Flipped_Server/logger/logger.go:52" fields.msg="succeed to Accept socket" function=Run
time="2020-06-01T00:05:59+08:00" level=info msg="token is expired by 21m58s" func=Flipped_Server/logger.SetToLogger file="F:/Go_WorkSpace/Projects/src/Flipped_Server/logger/logger.go:40" fields.msg="Parse tokenStr" function=ParseToken
time="2020-06-01T00:05:59+08:00" level=info msg="bytes num: 49" func=Flipped_Server/logger.SetToLogger file="F:/Go_WorkSpace/Projects/src/Flipped_Server/logger/logger.go:40" fields.msg="Succeed to send message from mrsecond to mrsecond" function=communicationRequestHandler
time="2020-06-01T00:12:31+08:00" level=error func=Flipped_Server/logger.SetToLogger file="F:/Go_WorkSpace/Projects/src/Flipped_Server/logger/logger.go:52" fields.msg="succeed to Accept socket" function=Run
time="2020-06-01T00:12:33+08:00" level=info msg="token is expired by 28m32s" func=Flipped_Server/logger.SetToLogger file="F:/Go_WorkSpace/Projects/src/Flipped_Server/logger/logger.go:40" fields.msg="Parse tokenStr" function=ParseToken
time="2020-06-01T00:12:33+08:00" level=info msg="bytes num: 49" func=Flipped_Server/logger.SetToLogger file="F:/Go_WorkSpace/Projects/src/Flipped_Server/logger/logger.go:40" fields.msg="Succeed to send message from mrsecond to mrsecond" function=communicationRequestHandler
time="2020-06-01T00:13:01+08:00" level=info func=Flipped_Server/logger.SetToLogger file="F:/Go_WorkSpace/Projects/src/Flipped_Server/logger/logger.go:40" fields.msg="online user: mrsecond" function=loopFindOnlineUserAndSendMessage
time="2020-06-01T00:13:02+08:00" level=error msg="not found" func=Flipped_Server/logger.SetToLogger file="F:/Go_WorkSpace/Projects/src/Flipped_Server/logger/logger.go:52" fields.msg="error to read recorder from mongodb" function=ReadMessageOfUser
time="2020-06-01T00:13:16+08:00" level=error func=Flipped_Server/logger.SetToLogger file="F:/Go_WorkSpace/Projects/src/Flipped_Server/logger/logger.go:52" fields.msg="succeed to Accept socket" function=Run
time="2020-06-01T00:13:16+08:00" level=info func=Flipped_Server/logger.SetToLogger file="F:/Go_WorkSpace/Projects/src/Flipped_Server/logger/logger.go:40" fields.msg="online user: mrsecond" function=loopFindOnlineUserAndSendMessage
time="2020-06-01T00:13:17+08:00" level=info msg="token is expired by 29m16s" func=Flipped_Server/logger.SetToLogger file="F:/Go_WorkSpace/Projects/src/Flipped_Server/logger/logger.go:40" fields.msg="Parse tokenStr" function=ParseToken
time="2020-06-01T00:13:17+08:00" level=info msg="bytes num: 49" func=Flipped_Server/logger.SetToLogger file="F:/Go_WorkSpace/Projects/src/Flipped_Server/logger/logger.go:40" fields.msg="Succeed to send message from mrsecond to mrsecond" function=communicationRequestHandler
time="2020-06-01T00:13:17+08:00" level=error msg="not found" func=Flipped_Server/logger.SetToLogger file="F:/Go_WorkSpace/Projects/src/Flipped_Server/logger/logger.go:52" fields.msg="error to read recorder from mongodb" function=ReadMessageOfUser
time="2020-06-01T00:13:31+08:00" level=info func=Flipped_Server/logger.SetToLogger file="F:/Go_WorkSpace/Projects/src/Flipped_Server/logger/logger.go:40" fields.msg="online user: mrsecond" function=loopFindOnlineUserAndSendMessage
time="2020-06-01T00:13:32+08:00" level=error msg="not found" func=Flipped_Server/logger.SetToLogger file="F:/Go_WorkSpace/Projects/src/Flipped_Server/logger/logger.go:52" fields.msg="error to read recorder from mongodb" function=ReadMessageOfUser
time="2020-06-01T00:13:47+08:00" level=info func=Flipped_Server/logger.SetToLogger file="F:/Go_WorkSpace/Projects/src/Flipped_Server/logger/logger.go:40" fields.msg="online user: mrsecond" function=loopFindOnlineUserAndSendMessage
time="2020-06-01T00:13:47+08:00" level=error msg="not found" func=Flipped_Server/logger.SetToLogger file="F:/Go_WorkSpace/Projects/src/Flipped_Server/logger/logger.go:52" fields.msg="error to read recorder from mongodb" function=ReadMessageOfUser
time="2020-06-01T00:14:01+08:00" level=info func=Flipped_Server/logger.SetToLogger file="F:/Go_WorkSpace/Projects/src/Flipped_Server/logger/logger.go:40" fields.msg="online user: mrsecond" function=loopFindOnlineUserAndSendMessage
time="2020-06-01T00:14:02+08:00" level=error msg="not found" func=Flipped_Server/logger.SetToLogger file="F:/Go_WorkSpace/Projects/src/Flipped_Server/logger/logger.go:52" fields.msg="error to read recorder from mongodb" function=ReadMessageOfUser
time="2020-06-01T00:14:17+08:00" level=info func=Flipped_Server/logger.SetToLogger file="F:/Go_WorkSpace/Projects/src/Flipped_Server/logger/logger.go:40" fields.msg="online user: mrsecond" function=loopFindOnlineUserAndSendMessage
time="2020-06-01T00:14:17+08:00" level=error msg="not found" func=Flipped_Server/logger.SetToLogger file="F:/Go_WorkSpace/Projects/src/Flipped_Server/logger/logger.go:52" fields.msg="error to read recorder from mongodb" function=ReadMessageOfUser
time="2020-06-01T00:14:31+08:00" level=info func=Flipped_Server/logger.SetToLogger file="F:/Go_WorkSpace/Projects/src/Flipped_Server/logger/logger.go:40" fields.msg="online user: mrsecond" function=loopFindOnlineUserAndSendMessage
time="2020-06-01T00:14:32+08:00" level=error msg="not found" func=Flipped_Server/logger.SetToLogger file="F:/Go_WorkSpace/Projects/src/Flipped_Server/logger/logger.go:52" fields.msg="error to read recorder from mongodb" function=ReadMessageOfUser
time="2020-06-01T00:14:47+08:00" level=info func=Flipped_Server/logger.SetToLogger file="F:/Go_WorkSpace/Projects/src/Flipped_Server/logger/logger.go:40" fields.msg="online user: mrsecond" function=loopFindOnlineUserAndSendMessage
time="2020-06-01T00:14:47+08:00" level=error msg="not found" func=Flipped_Server/logger.SetToLogger file="F:/Go_WorkSpace/Projects/src/Flipped_Server/logger/logger.go:52" fields.msg="error to read recorder from mongodb" function=ReadMessageOfUser
time="2020-06-01T00:15:01+08:00" level=info func=Flipped_Server/logger.SetToLogger file="F:/Go_WorkSpace/Projects/src/Flipped_Server/logger/logger.go:40" fields.msg="online user: mrsecond" function=loopFindOnlineUserAndSendMessage
time="2020-06-01T00:15:02+08:00" level=error msg="not found" func=Flipped_Server/logger.SetToLogger file="F:/Go_WorkSpace/Projects/src/Flipped_Server/logger/logger.go:52" fields.msg="error to read recorder from mongodb" function=ReadMessageOfUser
time="2020-06-01T00:16:24+08:00" level=error func=Flipped_Server/logger.SetToLogger file="F:/Go_WorkSpace/Projects/src/Flipped_Server/logger/logger.go:52" fields.msg="succeed to Accept socket" function=Run
time="2020-06-01T00:16:27+08:00" level=info msg="token is expired by 32m26s" func=Flipped_Server/logger.SetToLogger file="F:/Go_WorkSpace/Projects/src/Flipped_Server/logger/logger.go:40" fields.msg="Parse tokenStr" function=ParseToken
time="2020-06-01T00:16:28+08:00" level=info msg="bytes num: 49" func=Flipped_Server/logger.SetToLogger file="F:/Go_WorkSpace/Projects/src/Flipped_Server/logger/logger.go:40" fields.msg="Succeed to send message from mrsecond to mrsecond" function=communicationRequestHandler
time="2020-06-01T00:16:54+08:00" level=info func=Flipped_Server/logger.SetToLogger file="F:/Go_WorkSpace/Projects/src/Flipped_Server/logger/logger.go:40" fields.msg="online user: mrsecond" function=loopFindOnlineUserAndSendMessage
time="2020-06-01T00:16:54+08:00" level=error msg="not found" func=Flipped_Server/logger.SetToLogger file="F:/Go_WorkSpace/Projects/src/Flipped_Server/logger/logger.go:52" fields.msg="error to read recorder from mongodb" function=ReadMessageOfUser
time="2020-06-01T00:16:59+08:00" level=info func=Flipped_Server/logger.SetToLogger file="F:/Go_WorkSpace/Projects/src/Flipped_Server/logger/logger.go:40" fields.msg="online user: mrsecond" function=loopFindOnlineUserAndSendMessage
time="2020-06-01T00:16:59+08:00" level=error msg="not found" func=Flipped_Server/logger.SetToLogger file="F:/Go_WorkSpace/Projects/src/Flipped_Server/logger/logger.go:52" fields.msg="error to read recorder from mongodb" function=ReadMessageOfUser
time="2020-06-01T00:17:04+08:00" level=info func=Flipped_Server/logger.SetToLogger file="F:/Go_WorkSpace/Projects/src/Flipped_Server/logger/logger.go:40" fields.msg="online user: mrsecond" function=loopFindOnlineUserAndSendMessage
time="2020-06-01T00:17:04+08:00" level=error msg="not found" func=Flipped_Server/logger.SetToLogger file="F:/Go_WorkSpace/Projects/src/Flipped_Server/logger/logger.go:52" fields.msg="error to read recorder from mongodb" function=ReadMessageOfUser
time="2020-06-01T00:17:09+08:00" level=info func=Flipped_Server/logger.SetToLogger file="F:/Go_WorkSpace/Projects/src/Flipped_Server/logger/logger.go:40" fields.msg="online user: mrsecond" function=loopFindOnlineUserAndSendMessage
time="2020-06-01T00:17:09+08:00" level=error msg="not found" func=Flipped_Server/logger.SetToLogger file="F:/Go_WorkSpace/Projects/src/Flipped_Server/logger/logger.go:52" fields.msg="error to read recorder from mongodb" function=ReadMessageOfUser
time="2020-06-01T00:17:14+08:00" level=info func=Flipped_Server/logger.SetToLogger file="F:/Go_WorkSpace/Projects/src/Flipped_Server/logger/logger.go:40" fields.msg="online user: mrsecond" function=loopFindOnlineUserAndSendMessage
time="2020-06-01T00:17:14+08:00" level=error msg="not found" func=Flipped_Server/logger.SetToLogger file="F:/Go_WorkSpace/Projects/src/Flipped_Server/logger/logger.go:52" fields.msg="error to read recorder from mongodb" function=ReadMessageOfUser
time="2020-06-01T00:17:19+08:00" level=info func=Flipped_Server/logger.SetToLogger file="F:/Go_WorkSpace/Projects/src/Flipped_Server/logger/logger.go:40" fields.msg="online user: mrsecond" function=loopFindOnlineUserAndSendMessage
time="2020-06-01T00:17:19+08:00" level=error msg="not found" func=Flipped_Server/logger.SetToLogger file="F:/Go_WorkSpace/Projects/src/Flipped_Server/logger/logger.go:52" fields.msg="error to read recorder from mongodb" function=ReadMessageOfUser
time="2020-06-01T00:17:24+08:00" level=info func=Flipped_Server/logger.SetToLogger file="F:/Go_WorkSpace/Projects/src/Flipped_Server/logger/logger.go:40" fields.msg="online user: mrsecond" function=loopFindOnlineUserAndSendMessage
time="2020-06-01T00:17:24+08:00" level=error msg="not found" func=Flipped_Server/logger.SetToLogger file="F:/Go_WorkSpace/Projects/src/Flipped_Server/logger/logger.go:52" fields.msg="error to read recorder from mongodb" function=ReadMessageOfUser
time="2020-06-01T00:17:29+08:00" level=info func=Flipped_Server/logger.SetToLogger file="F:/Go_WorkSpace/Projects/src/Flipped_Server/logger/logger.go:40" fields.msg="online user: mrsecond" function=loopFindOnlineUserAndSendMessage
time="2020-06-01T00:17:29+08:00" level=error msg="not found" func=Flipped_Server/logger.SetToLogger file="F:/Go_WorkSpace/Projects/src/Flipped_Server/logger/logger.go:52" fields.msg="error to read recorder from mongodb" function=ReadMessageOfUser
time="2020-06-01T00:17:34+08:00" level=info func=Flipped_Server/logger.SetToLogger file="F:/Go_WorkSpace/Projects/src/Flipped_Server/logger/logger.go:40" fields.msg="online user: mrsecond" function=loopFindOnlineUserAndSendMessage
time="2020-06-01T00:17:34+08:00" level=error msg="not found" func=Flipped_Server/logger.SetToLogger file="F:/Go_WorkSpace/Projects/src/Flipped_Server/logger/logger.go:52" fields.msg="error to read recorder from mongodb" function=ReadMessageOfUser
time="2020-06-01T00:17:39+08:00" level=info func=Flipped_Server/logger.SetToLogger file="F:/Go_WorkSpace/Projects/src/Flipped_Server/logger/logger.go:40" fields.msg="online user: mrsecond" function=loopFindOnlineUserAndSendMessage
time="2020-06-01T00:17:39+08:00" level=error msg="not found" func=Flipped_Server/logger.SetToLogger file="F:/Go_WorkSpace/Projects/src/Flipped_Server/logger/logger.go:52" fields.msg="error to read recorder from mongodb" function=ReadMessageOfUser
time="2020-06-01T00:17:44+08:00" level=info func=Flipped_Server/logger.SetToLogger file="F:/Go_WorkSpace/Projects/src/Flipped_Server/logger/logger.go:40" fields.msg="online user: mrsecond" function=loopFindOnlineUserAndSendMessage
time="2020-06-01T00:17:44+08:00" level=error msg="not found" func=Flipped_Server/logger.SetToLogger file="F:/Go_WorkSpace/Projects/src/Flipped_Server/logger/logger.go:52" fields.msg="error to read recorder from mongodb" function=ReadMessageOfUser
time="2020-06-01T00:17:49+08:00" level=info func=Flipped_Server/logger.SetToLogger file="F:/Go_WorkSpace/Projects/src/Flipped_Server/logger/logger.go:40" fields.msg="online user: mrsecond" function=loopFindOnlineUserAndSendMessage
time="2020-06-01T00:17:49+08:00" level=error msg="not found" func=Flipped_Server/logger.SetToLogger file="F:/Go_WorkSpace/Projects/src/Flipped_Server/logger/logger.go:52" fields.msg="error to read recorder from mongodb" function=ReadMessageOfUser
time="2020-06-01T00:18:14+08:00" level=info func=Flipped_Server/logger.SetToLogger file="F:/Go_WorkSpace/Projects/src/Flipped_Server/logger/logger.go:40" fields.msg="online user: mrsecond" function=loopFindOnlineUserAndSendMessage
time="2020-06-01T00:18:14+08:00" level=error func=Flipped_Server/logger.SetToLogger file="F:/Go_WorkSpace/Projects/src/Flipped_Server/logger/logger.go:52" fields.msg="succeed to Accept socket" function=Run
time="2020-06-01T00:18:14+08:00" level=info func=Flipped_Server/logger.SetToLogger file="F:/Go_WorkSpace/Projects/src/Flipped_Server/logger/logger.go:40" fields.msg="online user: mrsecond" function=loopFindOnlineUserAndSendMessage
time="2020-06-01T00:18:18+08:00" level=error msg="read tcp 127.0.0.1:8081->127.0.0.1:62463: wsarecv: An existing connection was forcibly closed by the remote host." func=Flipped_Server/logger.SetToLogger file="F:/Go_WorkSpace/Projects/src/Flipped_Server/logger/logger.go:52" fields.msg="error to decode message sent from client" function=connectionHandler
time="2020-06-01T00:18:18+08:00" level=error msg="not found" func=Flipped_Server/logger.SetToLogger file="F:/Go_WorkSpace/Projects/src/Flipped_Server/logger/logger.go:52" fields.msg="error to read recorder from mongodb" function=ReadMessageOfUser
time="2020-06-01T00:18:18+08:00" level=error msg="not found" func=Flipped_Server/logger.SetToLogger file="F:/Go_WorkSpace/Projects/src/Flipped_Server/logger/logger.go:52" fields.msg="error to read recorder from mongodb" function=ReadMessageOfUser
time="2020-06-01T00:18:19+08:00" level=info func=Flipped_Server/logger.SetToLogger file="F:/Go_WorkSpace/Projects/src/Flipped_Server/logger/logger.go:40" fields.msg="online user: mrsecond" function=loopFindOnlineUserAndSendMessage
time="2020-06-01T00:18:20+08:00" level=error msg="not found" func=Flipped_Server/logger.SetToLogger file="F:/Go_WorkSpace/Projects/src/Flipped_Server/logger/logger.go:52" fields.msg="error to read recorder from mongodb" function=ReadMessageOfUser
time="2020-06-01T00:18:23+08:00" level=info func=Flipped_Server/logger.SetToLogger file="F:/Go_WorkSpace/Projects/src/Flipped_Server/logger/logger.go:40" fields.msg="online user: mrsecond" function=loopFindOnlineUserAndSendMessage
time="2020-06-01T00:18:23+08:00" level=error msg="not found" func=Flipped_Server/logger.SetToLogger file="F:/Go_WorkSpace/Projects/src/Flipped_Server/logger/logger.go:52" fields.msg="error to read recorder from mongodb" function=ReadMessageOfUser
time="2020-06-01T00:18:24+08:00" level=info func=Flipped_Server/logger.SetToLogger file="F:/Go_WorkSpace/Projects/src/Flipped_Server/logger/logger.go:40" fields.msg="online user: mrsecond" function=loopFindOnlineUserAndSendMessage
time="2020-06-01T00:18:25+08:00" level=error msg="not found" func=Flipped_Server/logger.SetToLogger file="F:/Go_WorkSpace/Projects/src/Flipped_Server/logger/logger.go:52" fields.msg="error to read recorder from mongodb" function=ReadMessageOfUser
time="2020-06-01T00:18:28+08:00" level=info func=Flipped_Server/logger.SetToLogger file="F:/Go_WorkSpace/Projects/src/Flipped_Server/logger/logger.go:40" fields.msg="online user: mrsecond" function=loopFindOnlineUserAndSendMessage
time="2020-06-01T00:18:28+08:00" level=error msg="not found" func=Flipped_Server/logger.SetToLogger file="F:/Go_WorkSpace/Projects/src/Flipped_Server/logger/logger.go:52" fields.msg="error to read recorder from mongodb" function=ReadMessageOfUser
time="2020-06-01T00:18:29+08:00" level=info func=Flipped_Server/logger.SetToLogger file="F:/Go_WorkSpace/Projects/src/Flipped_Server/logger/logger.go:40" fields.msg="online user: mrsecond" function=loopFindOnlineUserAndSendMessage
time="2020-06-01T00:18:30+08:00" level=error msg="not found" func=Flipped_Server/logger.SetToLogger file="F:/Go_WorkSpace/Projects/src/Flipped_Server/logger/logger.go:52" fields.msg="error to read recorder from mongodb" function=ReadMessageOfUser
time="2020-06-01T00:18:33+08:00" level=info func=Flipped_Server/logger.SetToLogger file="F:/Go_WorkSpace/Projects/src/Flipped_Server/logger/logger.go:40" fields.msg="online user: mrsecond" function=loopFindOnlineUserAndSendMessage
time="2020-06-01T00:18:33+08:00" level=error msg="not found" func=Flipped_Server/logger.SetToLogger file="F:/Go_WorkSpace/Projects/src/Flipped_Server/logger/logger.go:52" fields.msg="error to read recorder from mongodb" function=ReadMessageOfUser
time="2020-06-01T00:18:34+08:00" level=info func=Flipped_Server/logger.SetToLogger file="F:/Go_WorkSpace/Projects/src/Flipped_Server/logger/logger.go:40" fields.msg="online user: mrsecond" function=loopFindOnlineUserAndSendMessage
time="2020-06-01T00:18:35+08:00" level=error msg="not found" func=Flipped_Server/logger.SetToLogger file="F:/Go_WorkSpace/Projects/src/Flipped_Server/logger/logger.go:52" fields.msg="error to read recorder from mongodb" function=ReadMessageOfUser
time="2020-06-01T00:18:38+08:00" level=info func=Flipped_Server/logger.SetToLogger file="F:/Go_WorkSpace/Projects/src/Flipped_Server/logger/logger.go:40" fields.msg="online user: mrsecond" function=loopFindOnlineUserAndSendMessage
time="2020-06-01T00:18:38+08:00" level=error msg="not found" func=Flipped_Server/logger.SetToLogger file="F:/Go_WorkSpace/Projects/src/Flipped_Server/logger/logger.go:52" fields.msg="error to read recorder from mongodb" function=ReadMessageOfUser
time="2020-06-01T00:18:39+08:00" level=info func=Flipped_Server/logger.SetToLogger file="F:/Go_WorkSpace/Projects/src/Flipped_Server/logger/logger.go:40" fields.msg="online user: mrsecond" function=loopFindOnlineUserAndSendMessage
time="2020-06-01T00:18:40+08:00" level=error msg="not found" func=Flipped_Server/logger.SetToLogger file="F:/Go_WorkSpace/Projects/src/Flipped_Server/logger/logger.go:52" fields.msg="error to read recorder from mongodb" function=ReadMessageOfUser
time="2020-06-01T00:18:43+08:00" level=info func=Flipped_Server/logger.SetToLogger file="F:/Go_WorkSpace/Projects/src/Flipped_Server/logger/logger.go:40" fields.msg="online user: mrsecond" function=loopFindOnlineUserAndSendMessage
time="2020-06-01T00:18:43+08:00" level=error msg="not found" func=Flipped_Server/logger.SetToLogger file="F:/Go_WorkSpace/Projects/src/Flipped_Server/logger/logger.go:52" fields.msg="error to read recorder from mongodb" function=ReadMessageOfUser
time="2020-06-01T00:18:44+08:00" level=info func=Flipped_Server/logger.SetToLogger file="F:/Go_WorkSpace/Projects/src/Flipped_Server/logger/logger.go:40" fields.msg="online user: mrsecond" function=loopFindOnlineUserAndSendMessage
time="2020-06-01T00:18:45+08:00" level=error msg="not found" func=Flipped_Server/logger.SetToLogger file="F:/Go_WorkSpace/Projects/src/Flipped_Server/logger/logger.go:52" fields.msg="error to read recorder from mongodb" function=ReadMessageOfUser
time="2020-06-01T00:18:48+08:00" level=info func=Flipped_Server/logger.SetToLogger file="F:/Go_WorkSpace/Projects/src/Flipped_Server/logger/logger.go:40" fields.msg="online user: mrsecond" function=loopFindOnlineUserAndSendMessage
time="2020-06-01T00:18:48+08:00" level=error msg="not found" func=Flipped_Server/logger.SetToLogger file="F:/Go_WorkSpace/Projects/src/Flipped_Server/logger/logger.go:52" fields.msg="error to read recorder from mongodb" function=ReadMessageOfUser
time="2020-06-01T00:18:49+08:00" level=info func=Flipped_Server/logger.SetToLogger file="F:/Go_WorkSpace/Projects/src/Flipped_Server/logger/logger.go:40" fields.msg="online user: mrsecond" function=loopFindOnlineUserAndSendMessage
time="2020-06-01T00:18:50+08:00" level=error msg="not found" func=Flipped_Server/logger.SetToLogger file="F:/Go_WorkSpace/Projects/src/Flipped_Server/logger/logger.go:52" fields.msg="error to read recorder from mongodb" function=ReadMessageOfUser
time="2020-06-01T00:18:53+08:00" level=info func=Flipped_Server/logger.SetToLogger file="F:/Go_WorkSpace/Projects/src/Flipped_Server/logger/logger.go:40" fields.msg="online user: mrsecond" function=loopFindOnlineUserAndSendMessage
time="2020-06-01T00:18:53+08:00" level=error msg="not found" func=Flipped_Server/logger.SetToLogger file="F:/Go_WorkSpace/Projects/src/Flipped_Server/logger/logger.go:52" fields.msg="error to read recorder from mongodb" function=ReadMessageOfUser
time="2020-06-01T00:18:54+08:00" level=info func=Flipped_Server/logger.SetToLogger file="F:/Go_WorkSpace/Projects/src/Flipped_Server/logger/logger.go:40" fields.msg="online user: mrsecond" function=loopFindOnlineUserAndSendMessage
time="2020-06-01T00:18:55+08:00" level=error msg="not found" func=Flipped_Server/logger.SetToLogger file="F:/Go_WorkSpace/Projects/src/Flipped_Server/logger/logger.go:52" fields.msg="error to read recorder from mongodb" function=ReadMessageOfUser
time="2020-06-01T00:18:58+08:00" level=info func=Flipped_Server/logger.SetToLogger file="F:/Go_WorkSpace/Projects/src/Flipped_Server/logger/logger.go:40" fields.msg="online user: mrsecond" function=loopFindOnlineUserAndSendMessage
time="2020-06-01T00:18:58+08:00" level=error msg="not found" func=Flipped_Server/logger.SetToLogger file="F:/Go_WorkSpace/Projects/src/Flipped_Server/logger/logger.go:52" fields.msg="error to read recorder from mongodb" function=ReadMessageOfUser
time="2020-06-01T00:18:59+08:00" level=info func=Flipped_Server/logger.SetToLogger file="F:/Go_WorkSpace/Projects/src/Flipped_Server/logger/logger.go:40" fields.msg="online user: mrsecond" function=loopFindOnlineUserAndSendMessage
time="2020-06-01T00:19:00+08:00" level=error msg="not found" func=Flipped_Server/logger.SetToLogger file="F:/Go_WorkSpace/Projects/src/Flipped_Server/logger/logger.go:52" fields.msg="error to read recorder from mongodb" function=ReadMessageOfUser
time="2020-06-01T00:19:03+08:00" level=info func=Flipped_Server/logger.SetToLogger file="F:/Go_WorkSpace/Projects/src/Flipped_Server/logger/logger.go:40" fields.msg="online user: mrsecond" function=loopFindOnlineUserAndSendMessage
time="2020-06-01T00:19:03+08:00" level=error msg="not found" func=Flipped_Server/logger.SetToLogger file="F:/Go_WorkSpace/Projects/src/Flipped_Server/logger/logger.go:52" fields.msg="error to read recorder from mongodb" function=ReadMessageOfUser
time="2020-06-01T00:19:04+08:00" level=info func=Flipped_Server/logger.SetToLogger file="F:/Go_WorkSpace/Projects/src/Flipped_Server/logger/logger.go:40" fields.msg="online user: mrsecond" function=loopFindOnlineUserAndSendMessage
time="2020-06-01T00:19:05+08:00" level=error msg="not found" func=Flipped_Server/logger.SetToLogger file="F:/Go_WorkSpace/Projects/src/Flipped_Server/logger/logger.go:52" fields.msg="error to read recorder from mongodb" function=ReadMessageOfUser
time="2020-06-01T00:19:08+08:00" level=info func=Flipped_Server/logger.SetToLogger file="F:/Go_WorkSpace/Projects/src/Flipped_Server/logger/logger.go:40" fields.msg="online user: mrsecond" function=loopFindOnlineUserAndSendMessage
time="2020-06-01T00:19:08+08:00" level=error msg="not found" func=Flipped_Server/logger.SetToLogger file="F:/Go_WorkSpace/Projects/src/Flipped_Server/logger/logger.go:52" fields.msg="error to read recorder from mongodb" function=ReadMessageOfUser
time="2020-06-01T00:19:09+08:00" level=info func=Flipped_Server/logger.SetToLogger file="F:/Go_WorkSpace/Projects/src/Flipped_Server/logger/logger.go:40" fields.msg="online user: mrsecond" function=loopFindOnlineUserAndSendMessage
time="2020-06-01T00:19:10+08:00" level=error msg="not found" func=Flipped_Server/logger.SetToLogger file="F:/Go_WorkSpace/Projects/src/Flipped_Server/logger/logger.go:52" fields.msg="error to read recorder from mongodb" function=ReadMessageOfUser
time="2020-06-01T00:19:13+08:00" level=info func=Flipped_Server/logger.SetToLogger file="F:/Go_WorkSpace/Projects/src/Flipped_Server/logger/logger.go:40" fields.msg="online user: mrsecond" function=loopFindOnlineUserAndSendMessage
time="2020-06-01T00:19:13+08:00" level=error msg="not found" func=Flipped_Server/logger.SetToLogger file="F:/Go_WorkSpace/Projects/src/Flipped_Server/logger/logger.go:52" fields.msg="error to read recorder from mongodb" function=ReadMessageOfUser
time="2020-06-01T00:19:14+08:00" level=info func=Flipped_Server/logger.SetToLogger file="F:/Go_WorkSpace/Projects/src/Flipped_Server/logger/logger.go:40" fields.msg="online user: mrsecond" function=loopFindOnlineUserAndSendMessage
time="2020-06-01T00:19:15+08:00" level=error msg="not found" func=Flipped_Server/logger.SetToLogger file="F:/Go_WorkSpace/Projects/src/Flipped_Server/logger/logger.go:52" fields.msg="error to read recorder from mongodb" function=ReadMessageOfUser
time="2020-06-01T00:19:18+08:00" level=info func=Flipped_Server/logger.SetToLogger file="F:/Go_WorkSpace/Projects/src/Flipped_Server/logger/logger.go:40" fields.msg="online user: mrsecond" function=loopFindOnlineUserAndSendMessage
time="2020-06-01T00:19:18+08:00" level=error msg="not found" func=Flipped_Server/logger.SetToLogger file="F:/Go_WorkSpace/Projects/src/Flipped_Server/logger/logger.go:52" fields.msg="error to read recorder from mongodb" function=ReadMessageOfUser
time="2020-06-01T00:19:19+08:00" level=info func=Flipped_Server/logger.SetToLogger file="F:/Go_WorkSpace/Projects/src/Flipped_Server/logger/logger.go:40" fields.msg="online user: mrsecond" function=loopFindOnlineUserAndSendMessage
time="2020-06-01T00:19:20+08:00" level=error msg="not found" func=Flipped_Server/logger.SetToLogger file="F:/Go_WorkSpace/Projects/src/Flipped_Server/logger/logger.go:52" fields.msg="error to read recorder from mongodb" function=ReadMessageOfUser
time="2020-06-01T00:19:23+08:00" level=info func=Flipped_Server/logger.SetToLogger file="F:/Go_WorkSpace/Projects/src/Flipped_Server/logger/logger.go:40" fields.msg="online user: mrsecond" function=loopFindOnlineUserAndSendMessage
time="2020-06-01T00:19:23+08:00" level=error msg="not found" func=Flipped_Server/logger.SetToLogger file="F:/Go_WorkSpace/Projects/src/Flipped_Server/logger/logger.go:52" fields.msg="error to read recorder from mongodb" function=ReadMessageOfUser
time="2020-06-01T00:19:24+08:00" level=info func=Flipped_Server/logger.SetToLogger file="F:/Go_WorkSpace/Projects/src/Flipped_Server/logger/logger.go:40" fields.msg="online user: mrsecond" function=loopFindOnlineUserAndSendMessage
time="2020-06-01T00:19:25+08:00" level=error msg="not found" func=Flipped_Server/logger.SetToLogger file="F:/Go_WorkSpace/Projects/src/Flipped_Server/logger/logger.go:52" fields.msg="error to read recorder from mongodb" function=ReadMessageOfUser
time="2020-06-01T00:19:28+08:00" level=info func=Flipped_Server/logger.SetToLogger file="F:/Go_WorkSpace/Projects/src/Flipped_Server/logger/logger.go:40" fields.msg="online user: mrsecond" function=loopFindOnlineUserAndSendMessage
time="2020-06-01T00:19:28+08:00" level=error msg="not found" func=Flipped_Server/logger.SetToLogger file="F:/Go_WorkSpace/Projects/src/Flipped_Server/logger/logger.go:52" fields.msg="error to read recorder from mongodb" function=ReadMessageOfUser
time="2020-06-01T00:19:29+08:00" level=info func=Flipped_Server/logger.SetToLogger file="F:/Go_WorkSpace/Projects/src/Flipped_Server/logger/logger.go:40" fields.msg="online user: mrsecond" function=loopFindOnlineUserAndSendMessage
time="2020-06-01T00:19:30+08:00" level=error msg="not found" func=Flipped_Server/logger.SetToLogger file="F:/Go_WorkSpace/Projects/src/Flipped_Server/logger/logger.go:52" fields.msg="error to read recorder from mongodb" function=ReadMessageOfUser
time="2020-06-01T00:19:33+08:00" level=info func=Flipped_Server/logger.SetToLogger file="F:/Go_WorkSpace/Projects/src/Flipped_Server/logger/logger.go:40" fields.msg="online user: mrsecond" function=loopFindOnlineUserAndSendMessage
time="2020-06-01T00:19:33+08:00" level=error msg="not found" func=Flipped_Server/logger.SetToLogger file="F:/Go_WorkSpace/Projects/src/Flipped_Server/logger/logger.go:52" fields.msg="error to read recorder from mongodb" function=ReadMessageOfUser
time="2020-06-01T00:19:34+08:00" level=info func=Flipped_Server/logger.SetToLogger file="F:/Go_WorkSpace/Projects/src/Flipped_Server/logger/logger.go:40" fields.msg="online user: mrsecond" function=loopFindOnlineUserAndSendMessage
time="2020-06-01T00:19:35+08:00" level=error msg="not found" func=Flipped_Server/logger.SetToLogger file="F:/Go_WorkSpace/Projects/src/Flipped_Server/logger/logger.go:52" fields.msg="error to read recorder from mongodb" function=ReadMessageOfUser
time="2020-06-01T00:19:38+08:00" level=info func=Flipped_Server/logger.SetToLogger file="F:/Go_WorkSpace/Projects/src/Flipped_Server/logger/logger.go:40" fields.msg="online user: mrsecond" function=loopFindOnlineUserAndSendMessage
time="2020-06-01T00:19:38+08:00" level=error msg="not found" func=Flipped_Server/logger.SetToLogger file="F:/Go_WorkSpace/Projects/src/Flipped_Server/logger/logger.go:52" fields.msg="error to read recorder from mongodb" function=ReadMessageOfUser
time="2020-06-01T00:19:39+08:00" level=info func=Flipped_Server/logger.SetToLogger file="F:/Go_WorkSpace/Projects/src/Flipped_Server/logger/logger.go:40" fields.msg="online user: mrsecond" function=loopFindOnlineUserAndSendMessage
time="2020-06-01T00:19:40+08:00" level=error msg="not found" func=Flipped_Server/logger.SetToLogger file="F:/Go_WorkSpace/Projects/src/Flipped_Server/logger/logger.go:52" fields.msg="error to read recorder from mongodb" function=ReadMessageOfUser
time="2020-06-01T00:19:44+08:00" level=info func=Flipped_Server/logger.SetToLogger file="F:/Go_WorkSpace/Projects/src/Flipped_Server/logger/logger.go:40" fields.msg="online user: mrsecond" function=loopFindOnlineUserAndSendMessage
time="2020-06-01T00:19:44+08:00" level=error func=Flipped_Server/logger.SetToLogger file="F:/Go_WorkSpace/Projects/src/Flipped_Server/logger/logger.go:52" fields.msg="succeed to Accept socket" function=Run
time="2020-06-01T00:19:44+08:00" level=info func=Flipped_Server/logger.SetToLogger file="F:/Go_WorkSpace/Projects/src/Flipped_Server/logger/logger.go:40" fields.msg="online user: mrsecond" function=loopFindOnlineUserAndSendMessage
time="2020-06-01T00:19:46+08:00" level=info func=Flipped_Server/logger.SetToLogger file="F:/Go_WorkSpace/Projects/src/Flipped_Server/logger/logger.go:40" fields.msg="online user: mrsecond" function=loopFindOnlineUserAndSendMessage
time="2020-06-01T00:19:46+08:00" level=error msg="not found" func=Flipped_Server/logger.SetToLogger file="F:/Go_WorkSpace/Projects/src/Flipped_Server/logger/logger.go:52" fields.msg="error to read recorder from mongodb" function=ReadMessageOfUser
time="2020-06-01T00:19:46+08:00" level=error msg="not found" func=Flipped_Server/logger.SetToLogger file="F:/Go_WorkSpace/Projects/src/Flipped_Server/logger/logger.go:52" fields.msg="error to read recorder from mongodb" function=ReadMessageOfUser
time="2020-06-01T00:19:46+08:00" level=error msg="not found" func=Flipped_Server/logger.SetToLogger file="F:/Go_WorkSpace/Projects/src/Flipped_Server/logger/logger.go:52" fields.msg="error to read recorder from mongodb" function=ReadMessageOfUser
time="2020-06-01T00:19:48+08:00" level=info msg="token is expired by 35m47s" func=Flipped_Server/logger.SetToLogger file="F:/Go_WorkSpace/Projects/src/Flipped_Server/logger/logger.go:40" fields.msg="Parse tokenStr" function=ParseToken
time="2020-06-01T00:19:48+08:00" level=info msg="bytes num: 49" func=Flipped_Server/logger.SetToLogger file="F:/Go_WorkSpace/Projects/src/Flipped_Server/logger/logger.go:40" fields.msg="Succeed to send message from mrsecond to mrsecond" function=communicationRequestHandler
time="2020-06-01T00:19:49+08:00" level=info func=Flipped_Server/logger.SetToLogger file="F:/Go_WorkSpace/Projects/src/Flipped_Server/logger/logger.go:40" fields.msg="online user: mrsecond" function=loopFindOnlineUserAndSendMessage
time="2020-06-01T00:19:50+08:00" level=error msg="not found" func=Flipped_Server/logger.SetToLogger file="F:/Go_WorkSpace/Projects/src/Flipped_Server/logger/logger.go:52" fields.msg="error to read recorder from mongodb" function=ReadMessageOfUser
time="2020-06-01T00:19:51+08:00" level=info func=Flipped_Server/logger.SetToLogger file="F:/Go_WorkSpace/Projects/src/Flipped_Server/logger/logger.go:40" fields.msg="online user: mrsecond" function=loopFindOnlineUserAndSendMessage
time="2020-06-01T00:19:51+08:00" level=info func=Flipped_Server/logger.SetToLogger file="F:/Go_WorkSpace/Projects/src/Flipped_Server/logger/logger.go:40" fields.msg="online user: mrsecond" function=loopFindOnlineUserAndSendMessage
time="2020-06-01T00:19:51+08:00" level=error msg="not found" func=Flipped_Server/logger.SetToLogger file="F:/Go_WorkSpace/Projects/src/Flipped_Server/logger/logger.go:52" fields.msg="error to read recorder from mongodb" function=ReadMessageOfUser
time="2020-06-01T00:19:51+08:00" level=error msg="not found" func=Flipped_Server/logger.SetToLogger file="F:/Go_WorkSpace/Projects/src/Flipped_Server/logger/logger.go:52" fields.msg="error to read recorder from mongodb" function=ReadMessageOfUser
time="2020-06-01T00:19:54+08:00" level=info func=Flipped_Server/logger.SetToLogger file="F:/Go_WorkSpace/Projects/src/Flipped_Server/logger/logger.go:40" fields.msg="online user: mrsecond" function=loopFindOnlineUserAndSendMessage
time="2020-06-01T00:19:55+08:00" level=error msg="not found" func=Flipped_Server/logger.SetToLogger file="F:/Go_WorkSpace/Projects/src/Flipped_Server/logger/logger.go:52" fields.msg="error to read recorder from mongodb" function=ReadMessageOfUser
time="2020-06-01T00:19:56+08:00" level=info func=Flipped_Server/logger.SetToLogger file="F:/Go_WorkSpace/Projects/src/Flipped_Server/logger/logger.go:40" fields.msg="online user: mrsecond" function=loopFindOnlineUserAndSendMessage
time="2020-06-01T00:19:56+08:00" level=info func=Flipped_Server/logger.SetToLogger file="F:/Go_WorkSpace/Projects/src/Flipped_Server/logger/logger.go:40" fields.msg="online user: mrsecond" function=loopFindOnlineUserAndSendMessage
time="2020-06-01T00:19:56+08:00" level=error msg="not found" func=Flipped_Server/logger.SetToLogger file="F:/Go_WorkSpace/Projects/src/Flipped_Server/logger/logger.go:52" fields.msg="error to read recorder from mongodb" function=ReadMessageOfUser
time="2020-06-01T00:19:56+08:00" level=error msg="not found" func=Flipped_Server/logger.SetToLogger file="F:/Go_WorkSpace/Projects/src/Flipped_Server/logger/logger.go:52" fields.msg="error to read recorder from mongodb" function=ReadMessageOfUser
time="2020-06-01T00:19:59+08:00" level=info func=Flipped_Server/logger.SetToLogger file="F:/Go_WorkSpace/Projects/src/Flipped_Server/logger/logger.go:40" fields.msg="online user: mrsecond" function=loopFindOnlineUserAndSendMessage
time="2020-06-01T00:20:00+08:00" level=error msg="not found" func=Flipped_Server/logger.SetToLogger file="F:/Go_WorkSpace/Projects/src/Flipped_Server/logger/logger.go:52" fields.msg="error to read recorder from mongodb" function=ReadMessageOfUser
time="2020-06-01T00:20:01+08:00" level=info func=Flipped_Server/logger.SetToLogger file="F:/Go_WorkSpace/Projects/src/Flipped_Server/logger/logger.go:40" fields.msg="online user: mrsecond" function=loopFindOnlineUserAndSendMessage
time="2020-06-01T00:20:01+08:00" level=info func=Flipped_Server/logger.SetToLogger file="F:/Go_WorkSpace/Projects/src/Flipped_Server/logger/logger.go:40" fields.msg="online user: mrsecond" function=loopFindOnlineUserAndSendMessage
time="2020-06-01T00:20:01+08:00" level=error msg="not found" func=Flipped_Server/logger.SetToLogger file="F:/Go_WorkSpace/Projects/src/Flipped_Server/logger/logger.go:52" fields.msg="error to read recorder from mongodb" function=ReadMessageOfUser
time="2020-06-01T00:20:01+08:00" level=error msg="not found" func=Flipped_Server/logger.SetToLogger file="F:/Go_WorkSpace/Projects/src/Flipped_Server/logger/logger.go:52" fields.msg="error to read recorder from mongodb" function=ReadMessageOfUser
time="2020-06-01T00:20:04+08:00" level=info func=Flipped_Server/logger.SetToLogger file="F:/Go_WorkSpace/Projects/src/Flipped_Server/logger/logger.go:40" fields.msg="online user: mrsecond" function=loopFindOnlineUserAndSendMessage
time="2020-06-01T00:20:05+08:00" level=error msg="not found" func=Flipped_Server/logger.SetToLogger file="F:/Go_WorkSpace/Projects/src/Flipped_Server/logger/logger.go:52" fields.msg="error to read recorder from mongodb" function=ReadMessageOfUser
time="2020-06-01T00:20:06+08:00" level=info func=Flipped_Server/logger.SetToLogger file="F:/Go_WorkSpace/Projects/src/Flipped_Server/logger/logger.go:40" fields.msg="online user: mrsecond" function=loopFindOnlineUserAndSendMessage
time="2020-06-01T00:20:06+08:00" level=info func=Flipped_Server/logger.SetToLogger file="F:/Go_WorkSpace/Projects/src/Flipped_Server/logger/logger.go:40" fields.msg="online user: mrsecond" function=loopFindOnlineUserAndSendMessage
time="2020-06-01T00:20:06+08:00" level=error msg="not found" func=Flipped_Server/logger.SetToLogger file="F:/Go_WorkSpace/Projects/src/Flipped_Server/logger/logger.go:52" fields.msg="error to read recorder from mongodb" function=ReadMessageOfUser
time="2020-06-01T00:20:06+08:00" level=error msg="not found" func=Flipped_Server/logger.SetToLogger file="F:/Go_WorkSpace/Projects/src/Flipped_Server/logger/logger.go:52" fields.msg="error to read recorder from mongodb" function=ReadMessageOfUser
time="2020-06-01T00:20:09+08:00" level=info func=Flipped_Server/logger.SetToLogger file="F:/Go_WorkSpace/Projects/src/Flipped_Server/logger/logger.go:40" fields.msg="online user: mrsecond" function=loopFindOnlineUserAndSendMessage
time="2020-06-01T00:20:10+08:00" level=error msg="not found" func=Flipped_Server/logger.SetToLogger file="F:/Go_WorkSpace/Projects/src/Flipped_Server/logger/logger.go:52" fields.msg="error to read recorder from mongodb" function=ReadMessageOfUser
time="2020-06-01T00:20:11+08:00" level=info func=Flipped_Server/logger.SetToLogger file="F:/Go_WorkSpace/Projects/src/Flipped_Server/logger/logger.go:40" fields.msg="online user: mrsecond" function=loopFindOnlineUserAndSendMessage
time="2020-06-01T00:20:11+08:00" level=info func=Flipped_Server/logger.SetToLogger file="F:/Go_WorkSpace/Projects/src/Flipped_Server/logger/logger.go:40" fields.msg="online user: mrsecond" function=loopFindOnlineUserAndSendMessage
time="2020-06-01T00:20:11+08:00" level=error msg="not found" func=Flipped_Server/logger.SetToLogger file="F:/Go_WorkSpace/Projects/src/Flipped_Server/logger/logger.go:52" fields.msg="error to read recorder from mongodb" function=ReadMessageOfUser
time="2020-06-01T00:20:11+08:00" level=error msg="not found" func=Flipped_Server/logger.SetToLogger file="F:/Go_WorkSpace/Projects/src/Flipped_Server/logger/logger.go:52" fields.msg="error to read recorder from mongodb" function=ReadMessageOfUser
time="2020-06-01T00:20:14+08:00" level=info func=Flipped_Server/logger.SetToLogger file="F:/Go_WorkSpace/Projects/src/Flipped_Server/logger/logger.go:40" fields.msg="online user: mrsecond" function=loopFindOnlineUserAndSendMessage
time="2020-06-01T00:20:15+08:00" level=error msg="not found" func=Flipped_Server/logger.SetToLogger file="F:/Go_WorkSpace/Projects/src/Flipped_Server/logger/logger.go:52" fields.msg="error to read recorder from mongodb" function=ReadMessageOfUser
time="2020-06-01T00:20:16+08:00" level=info func=Flipped_Server/logger.SetToLogger file="F:/Go_WorkSpace/Projects/src/Flipped_Server/logger/logger.go:40" fields.msg="online user: mrsecond" function=loopFindOnlineUserAndSendMessage
time="2020-06-01T00:20:16+08:00" level=info func=Flipped_Server/logger.SetToLogger file="F:/Go_WorkSpace/Projects/src/Flipped_Server/logger/logger.go:40" fields.msg="online user: mrsecond" function=loopFindOnlineUserAndSendMessage
time="2020-06-01T00:20:16+08:00" level=error msg="not found" func=Flipped_Server/logger.SetToLogger file="F:/Go_WorkSpace/Projects/src/Flipped_Server/logger/logger.go:52" fields.msg="error to read recorder from mongodb" function=ReadMessageOfUser
time="2020-06-01T00:20:16+08:00" level=error msg="not found" func=Flipped_Server/logger.SetToLogger file="F:/Go_WorkSpace/Projects/src/Flipped_Server/logger/logger.go:52" fields.msg="error to read recorder from mongodb" function=ReadMessageOfUser
time="2020-06-01T00:20:19+08:00" level=info func=Flipped_Server/logger.SetToLogger file="F:/Go_WorkSpace/Projects/src/Flipped_Server/logger/logger.go:40" fields.msg="online user: mrsecond" function=loopFindOnlineUserAndSendMessage
time="2020-06-01T00:20:20+08:00" level=error msg="not found" func=Flipped_Server/logger.SetToLogger file="F:/Go_WorkSpace/Projects/src/Flipped_Server/logger/logger.go:52" fields.msg="error to read recorder from mongodb" function=ReadMessageOfUser
time="2020-06-01T00:20:21+08:00" level=info func=Flipped_Server/logger.SetToLogger file="F:/Go_WorkSpace/Projects/src/Flipped_Server/logger/logger.go:40" fields.msg="online user: mrsecond" function=loopFindOnlineUserAndSendMessage
time="2020-06-01T00:20:21+08:00" level=info func=Flipped_Server/logger.SetToLogger file="F:/Go_WorkSpace/Projects/src/Flipped_Server/logger/logger.go:40" fields.msg="online user: mrsecond" function=loopFindOnlineUserAndSendMessage
time="2020-06-01T00:20:21+08:00" level=error msg="not found" func=Flipped_Server/logger.SetToLogger file="F:/Go_WorkSpace/Projects/src/Flipped_Server/logger/logger.go:52" fields.msg="error to read recorder from mongodb" function=ReadMessageOfUser
time="2020-06-01T00:20:21+08:00" level=error msg="not found" func=Flipped_Server/logger.SetToLogger file="F:/Go_WorkSpace/Projects/src/Flipped_Server/logger/logger.go:52" fields.msg="error to read recorder from mongodb" function=ReadMessageOfUser
time="2020-06-01T00:20:24+08:00" level=info func=Flipped_Server/logger.SetToLogger file="F:/Go_WorkSpace/Projects/src/Flipped_Server/logger/logger.go:40" fields.msg="online user: mrsecond" function=loopFindOnlineUserAndSendMessage
time="2020-06-01T00:20:25+08:00" level=error msg="not found" func=Flipped_Server/logger.SetToLogger file="F:/Go_WorkSpace/Projects/src/Flipped_Server/logger/logger.go:52" fields.msg="error to read recorder from mongodb" function=ReadMessageOfUser
time="2020-06-01T00:20:26+08:00" level=info func=Flipped_Server/logger.SetToLogger file="F:/Go_WorkSpace/Projects/src/Flipped_Server/logger/logger.go:40" fields.msg="online user: mrsecond" function=loopFindOnlineUserAndSendMessage
time="2020-06-01T00:20:26+08:00" level=info func=Flipped_Server/logger.SetToLogger file="F:/Go_WorkSpace/Projects/src/Flipped_Server/logger/logger.go:40" fields.msg="online user: mrsecond" function=loopFindOnlineUserAndSendMessage
time="2020-06-01T00:20:26+08:00" level=error msg="not found" func=Flipped_Server/logger.SetToLogger file="F:/Go_WorkSpace/Projects/src/Flipped_Server/logger/logger.go:52" fields.msg="error to read recorder from mongodb" function=ReadMessageOfUser
time="2020-06-01T00:20:26+08:00" level=error msg="not found" func=Flipped_Server/logger.SetToLogger file="F:/Go_WorkSpace/Projects/src/Flipped_Server/logger/logger.go:52" fields.msg="error to read recorder from mongodb" function=ReadMessageOfUser
time="2020-06-01T00:20:29+08:00" level=info func=Flipped_Server/logger.SetToLogger file="F:/Go_WorkSpace/Projects/src/Flipped_Server/logger/logger.go:40" fields.msg="online user: mrsecond" function=loopFindOnlineUserAndSendMessage
time="2020-06-01T00:20:30+08:00" level=error msg="not found" func=Flipped_Server/logger.SetToLogger file="F:/Go_WorkSpace/Projects/src/Flipped_Server/logger/logger.go:52" fields.msg="error to read recorder from mongodb" function=ReadMessageOfUser
time="2020-06-01T00:20:31+08:00" level=info func=Flipped_Server/logger.SetToLogger file="F:/Go_WorkSpace/Projects/src/Flipped_Server/logger/logger.go:40" fields.msg="online user: mrsecond" function=loopFindOnlineUserAndSendMessage
time="2020-06-01T00:20:31+08:00" level=info func=Flipped_Server/logger.SetToLogger file="F:/Go_WorkSpace/Projects/src/Flipped_Server/logger/logger.go:40" fields.msg="online user: mrsecond" function=loopFindOnlineUserAndSendMessage
time="2020-06-01T00:20:31+08:00" level=error msg="not found" func=Flipped_Server/logger.SetToLogger file="F:/Go_WorkSpace/Projects/src/Flipped_Server/logger/logger.go:52" fields.msg="error to read recorder from mongodb" function=ReadMessageOfUser
time="2020-06-01T00:20:31+08:00" level=error msg="not found" func=Flipped_Server/logger.SetToLogger file="F:/Go_WorkSpace/Projects/src/Flipped_Server/logger/logger.go:52" fields.msg="error to read recorder from mongodb" function=ReadMessageOfUser
time="2020-06-01T00:20:34+08:00" level=info func=Flipped_Server/logger.SetToLogger file="F:/Go_WorkSpace/Projects/src/Flipped_Server/logger/logger.go:40" fields.msg="online user: mrsecond" function=loopFindOnlineUserAndSendMessage
time="2020-06-01T00:20:35+08:00" level=error msg="not found" func=Flipped_Server/logger.SetToLogger file="F:/Go_WorkSpace/Projects/src/Flipped_Server/logger/logger.go:52" fields.msg="error to read recorder from mongodb" function=ReadMessageOfUser
time="2020-06-01T00:20:36+08:00" level=info func=Flipped_Server/logger.SetToLogger file="F:/Go_WorkSpace/Projects/src/Flipped_Server/logger/logger.go:40" fields.msg="online user: mrsecond" function=loopFindOnlineUserAndSendMessage
time="2020-06-01T00:20:36+08:00" level=info func=Flipped_Server/logger.SetToLogger file="F:/Go_WorkSpace/Projects/src/Flipped_Server/logger/logger.go:40" fields.msg="online user: mrsecond" function=loopFindOnlineUserAndSendMessage
time="2020-06-01T00:20:36+08:00" level=error msg="not found" func=Flipped_Server/logger.SetToLogger file="F:/Go_WorkSpace/Projects/src/Flipped_Server/logger/logger.go:52" fields.msg="error to read recorder from mongodb" function=ReadMessageOfUser
time="2020-06-01T00:20:36+08:00" level=error msg="not found" func=Flipped_Server/logger.SetToLogger file="F:/Go_WorkSpace/Projects/src/Flipped_Server/logger/logger.go:52" fields.msg="error to read recorder from mongodb" function=ReadMessageOfUser
time="2020-06-01T00:20:39+08:00" level=info func=Flipped_Server/logger.SetToLogger file="F:/Go_WorkSpace/Projects/src/Flipped_Server/logger/logger.go:40" fields.msg="online user: mrsecond" function=loopFindOnlineUserAndSendMessage
time="2020-06-01T00:20:40+08:00" level=error msg="not found" func=Flipped_Server/logger.SetToLogger file="F:/Go_WorkSpace/Projects/src/Flipped_Server/logger/logger.go:52" fields.msg="error to read recorder from mongodb" function=ReadMessageOfUser
time="2020-06-01T00:20:41+08:00" level=info func=Flipped_Server/logger.SetToLogger file="F:/Go_WorkSpace/Projects/src/Flipped_Server/logger/logger.go:40" fields.msg="online user: mrsecond" function=loopFindOnlineUserAndSendMessage
time="2020-06-01T00:20:41+08:00" level=info func=Flipped_Server/logger.SetToLogger file="F:/Go_WorkSpace/Projects/src/Flipped_Server/logger/logger.go:40" fields.msg="online user: mrsecond" function=loopFindOnlineUserAndSendMessage
time="2020-06-01T00:20:41+08:00" level=error msg="not found" func=Flipped_Server/logger.SetToLogger file="F:/Go_WorkSpace/Projects/src/Flipped_Server/logger/logger.go:52" fields.msg="error to read recorder from mongodb" function=ReadMessageOfUser
time="2020-06-01T00:20:41+08:00" level=error msg="not found" func=Flipped_Server/logger.SetToLogger file="F:/Go_WorkSpace/Projects/src/Flipped_Server/logger/logger.go:52" fields.msg="error to read recorder from mongodb" function=ReadMessageOfUser
time="2020-06-01T00:20:44+08:00" level=info func=Flipped_Server/logger.SetToLogger file="F:/Go_WorkSpace/Projects/src/Flipped_Server/logger/logger.go:40" fields.msg="online user: mrsecond" function=loopFindOnlineUserAndSendMessage
time="2020-06-01T00:20:45+08:00" level=error msg="not found" func=Flipped_Server/logger.SetToLogger file="F:/Go_WorkSpace/Projects/src/Flipped_Server/logger/logger.go:52" fields.msg="error to read recorder from mongodb" function=ReadMessageOfUser
time="2020-06-01T00:20:46+08:00" level=info func=Flipped_Server/logger.SetToLogger file="F:/Go_WorkSpace/Projects/src/Flipped_Server/logger/logger.go:40" fields.msg="online user: mrsecond" function=loopFindOnlineUserAndSendMessage
time="2020-06-01T00:20:46+08:00" level=info func=Flipped_Server/logger.SetToLogger file="F:/Go_WorkSpace/Projects/src/Flipped_Server/logger/logger.go:40" fields.msg="online user: mrsecond" function=loopFindOnlineUserAndSendMessage
time="2020-06-01T00:20:46+08:00" level=error msg="not found" func=Flipped_Server/logger.SetToLogger file="F:/Go_WorkSpace/Projects/src/Flipped_Server/logger/logger.go:52" fields.msg="error to read recorder from mongodb" function=ReadMessageOfUser
time="2020-06-01T00:20:46+08:00" level=error msg="not found" func=Flipped_Server/logger.SetToLogger file="F:/Go_WorkSpace/Projects/src/Flipped_Server/logger/logger.go:52" fields.msg="error to read recorder from mongodb" function=ReadMessageOfUser
time="2020-06-01T00:20:49+08:00" level=info func=Flipped_Server/logger.SetToLogger file="F:/Go_WorkSpace/Projects/src/Flipped_Server/logger/logger.go:40" fields.msg="online user: mrsecond" function=loopFindOnlineUserAndSendMessage
time="2020-06-01T00:20:50+08:00" level=error msg="not found" func=Flipped_Server/logger.SetToLogger file="F:/Go_WorkSpace/Projects/src/Flipped_Server/logger/logger.go:52" fields.msg="error to read recorder from mongodb" function=ReadMessageOfUser
time="2020-06-01T00:20:51+08:00" level=info func=Flipped_Server/logger.SetToLogger file="F:/Go_WorkSpace/Projects/src/Flipped_Server/logger/logger.go:40" fields.msg="online user: mrsecond" function=loopFindOnlineUserAndSendMessage
time="2020-06-01T00:20:51+08:00" level=info func=Flipped_Server/logger.SetToLogger file="F:/Go_WorkSpace/Projects/src/Flipped_Server/logger/logger.go:40" fields.msg="online user: mrsecond" function=loopFindOnlineUserAndSendMessage
time="2020-06-01T00:20:51+08:00" level=error msg="not found" func=Flipped_Server/logger.SetToLogger file="F:/Go_WorkSpace/Projects/src/Flipped_Server/logger/logger.go:52" fields.msg="error to read recorder from mongodb" function=ReadMessageOfUser
time="2020-06-01T00:20:51+08:00" level=error msg="not found" func=Flipped_Server/logger.SetToLogger file="F:/Go_WorkSpace/Projects/src/Flipped_Server/logger/logger.go:52" fields.msg="error to read recorder from mongodb" function=ReadMessageOfUser
time="2020-06-01T00:20:54+08:00" level=info func=Flipped_Server/logger.SetToLogger file="F:/Go_WorkSpace/Projects/src/Flipped_Server/logger/logger.go:40" fields.msg="online user: mrsecond" function=loopFindOnlineUserAndSendMessage
time="2020-06-01T00:20:55+08:00" level=error msg="not found" func=Flipped_Server/logger.SetToLogger file="F:/Go_WorkSpace/Projects/src/Flipped_Server/logger/logger.go:52" fields.msg="error to read recorder from mongodb" function=ReadMessageOfUser
time="2020-06-01T00:20:56+08:00" level=info func=Flipped_Server/logger.SetToLogger file="F:/Go_WorkSpace/Projects/src/Flipped_Server/logger/logger.go:40" fields.msg="online user: mrsecond" function=loopFindOnlineUserAndSendMessage
time="2020-06-01T00:20:56+08:00" level=info func=Flipped_Server/logger.SetToLogger file="F:/Go_WorkSpace/Projects/src/Flipped_Server/logger/logger.go:40" fields.msg="online user: mrsecond" function=loopFindOnlineUserAndSendMessage
time="2020-06-01T00:20:56+08:00" level=error msg="not found" func=Flipped_Server/logger.SetToLogger file="F:/Go_WorkSpace/Projects/src/Flipped_Server/logger/logger.go:52" fields.msg="error to read recorder from mongodb" function=ReadMessageOfUser
time="2020-06-01T00:20:56+08:00" level=error msg="not found" func=Flipped_Server/logger.SetToLogger file="F:/Go_WorkSpace/Projects/src/Flipped_Server/logger/logger.go:52" fields.msg="error to read recorder from mongodb" function=ReadMessageOfUser
time="2020-06-01T00:20:59+08:00" level=info func=Flipped_Server/logger.SetToLogger file="F:/Go_WorkSpace/Projects/src/Flipped_Server/logger/logger.go:40" fields.msg="online user: mrsecond" function=loopFindOnlineUserAndSendMessage
time="2020-06-01T00:21:00+08:00" level=error msg="not found" func=Flipped_Server/logger.SetToLogger file="F:/Go_WorkSpace/Projects/src/Flipped_Server/logger/logger.go:52" fields.msg="error to read recorder from mongodb" function=ReadMessageOfUser
time="2020-06-01T00:21:01+08:00" level=info func=Flipped_Server/logger.SetToLogger file="F:/Go_WorkSpace/Projects/src/Flipped_Server/logger/logger.go:40" fields.msg="online user: mrsecond" function=loopFindOnlineUserAndSendMessage
time="2020-06-01T00:21:01+08:00" level=info func=Flipped_Server/logger.SetToLogger file="F:/Go_WorkSpace/Projects/src/Flipped_Server/logger/logger.go:40" fields.msg="online user: mrsecond" function=loopFindOnlineUserAndSendMessage
time="2020-06-01T00:21:01+08:00" level=error msg="not found" func=Flipped_Server/logger.SetToLogger file="F:/Go_WorkSpace/Projects/src/Flipped_Server/logger/logger.go:52" fields.msg="error to read recorder from mongodb" function=ReadMessageOfUser
time="2020-06-01T00:21:01+08:00" level=error msg="not found" func=Flipped_Server/logger.SetToLogger file="F:/Go_WorkSpace/Projects/src/Flipped_Server/logger/logger.go:52" fields.msg="error to read recorder from mongodb" function=ReadMessageOfUser
time="2020-06-01T00:21:04+08:00" level=info func=Flipped_Server/logger.SetToLogger file="F:/Go_WorkSpace/Projects/src/Flipped_Server/logger/logger.go:40" fields.msg="online user: mrsecond" function=loopFindOnlineUserAndSendMessage
time="2020-06-01T00:21:05+08:00" level=error msg="not found" func=Flipped_Server/logger.SetToLogger file="F:/Go_WorkSpace/Projects/src/Flipped_Server/logger/logger.go:52" fields.msg="error to read recorder from mongodb" function=ReadMessageOfUser
time="2020-06-01T00:21:06+08:00" level=info func=Flipped_Server/logger.SetToLogger file="F:/Go_WorkSpace/Projects/src/Flipped_Server/logger/logger.go:40" fields.msg="online user: mrsecond" function=loopFindOnlineUserAndSendMessage
time="2020-06-01T00:21:06+08:00" level=info func=Flipped_Server/logger.SetToLogger file="F:/Go_WorkSpace/Projects/src/Flipped_Server/logger/logger.go:40" fields.msg="online user: mrsecond" function=loopFindOnlineUserAndSendMessage
time="2020-06-01T00:21:06+08:00" level=error msg="not found" func=Flipped_Server/logger.SetToLogger file="F:/Go_WorkSpace/Projects/src/Flipped_Server/logger/logger.go:52" fields.msg="error to read recorder from mongodb" function=ReadMessageOfUser
time="2020-06-01T00:21:06+08:00" level=error msg="not found" func=Flipped_Server/logger.SetToLogger file="F:/Go_WorkSpace/Projects/src/Flipped_Server/logger/logger.go:52" fields.msg="error to read recorder from mongodb" function=ReadMessageOfUser
time="2020-06-01T00:21:09+08:00" level=info func=Flipped_Server/logger.SetToLogger file="F:/Go_WorkSpace/Projects/src/Flipped_Server/logger/logger.go:40" fields.msg="online user: mrsecond" function=loopFindOnlineUserAndSendMessage
time="2020-06-01T00:21:10+08:00" level=error msg="not found" func=Flipped_Server/logger.SetToLogger file="F:/Go_WorkSpace/Projects/src/Flipped_Server/logger/logger.go:52" fields.msg="error to read recorder from mongodb" function=ReadMessageOfUser
time="2020-06-01T00:21:11+08:00" level=info func=Flipped_Server/logger.SetToLogger file="F:/Go_WorkSpace/Projects/src/Flipped_Server/logger/logger.go:40" fields.msg="online user: mrsecond" function=loopFindOnlineUserAndSendMessage
time="2020-06-01T00:21:11+08:00" level=info func=Flipped_Server/logger.SetToLogger file="F:/Go_WorkSpace/Projects/src/Flipped_Server/logger/logger.go:40" fields.msg="online user: mrsecond" function=loopFindOnlineUserAndSendMessage
time="2020-06-01T00:21:11+08:00" level=error msg="not found" func=Flipped_Server/logger.SetToLogger file="F:/Go_WorkSpace/Projects/src/Flipped_Server/logger/logger.go:52" fields.msg="error to read recorder from mongodb" function=ReadMessageOfUser
time="2020-06-01T00:21:11+08:00" level=error msg="not found" func=Flipped_Server/logger.SetToLogger file="F:/Go_WorkSpace/Projects/src/Flipped_Server/logger/logger.go:52" fields.msg="error to read recorder from mongodb" function=ReadMessageOfUser
time="2020-06-01T00:21:14+08:00" level=info func=Flipped_Server/logger.SetToLogger file="F:/Go_WorkSpace/Projects/src/Flipped_Server/logger/logger.go:40" fields.msg="online user: mrsecond" function=loopFindOnlineUserAndSendMessage
time="2020-06-01T00:21:15+08:00" level=error msg="not found" func=Flipped_Server/logger.SetToLogger file="F:/Go_WorkSpace/Projects/src/Flipped_Server/logger/logger.go:52" fields.msg="error to read recorder from mongodb" function=ReadMessageOfUser
time="2020-06-01T00:21:16+08:00" level=info func=Flipped_Server/logger.SetToLogger file="F:/Go_WorkSpace/Projects/src/Flipped_Server/logger/logger.go:40" fields.msg="online user: mrsecond" function=loopFindOnlineUserAndSendMessage
time="2020-06-01T00:21:16+08:00" level=info func=Flipped_Server/logger.SetToLogger file="F:/Go_WorkSpace/Projects/src/Flipped_Server/logger/logger.go:40" fields.msg="online user: mrsecond" function=loopFindOnlineUserAndSendMessage
time="2020-06-01T00:21:16+08:00" level=error msg="not found" func=Flipped_Server/logger.SetToLogger file="F:/Go_WorkSpace/Projects/src/Flipped_Server/logger/logger.go:52" fields.msg="error to read recorder from mongodb" function=ReadMessageOfUser
time="2020-06-01T00:21:16+08:00" level=error msg="not found" func=Flipped_Server/logger.SetToLogger file="F:/Go_WorkSpace/Projects/src/Flipped_Server/logger/logger.go:52" fields.msg="error to read recorder from mongodb" function=ReadMessageOfUser
time="2020-06-01T00:21:19+08:00" level=info func=Flipped_Server/logger.SetToLogger file="F:/Go_WorkSpace/Projects/src/Flipped_Server/logger/logger.go:40" fields.msg="online user: mrsecond" function=loopFindOnlineUserAndSendMessage
time="2020-06-01T00:21:20+08:00" level=error msg="not found" func=Flipped_Server/logger.SetToLogger file="F:/Go_WorkSpace/Projects/src/Flipped_Server/logger/logger.go:52" fields.msg="error to read recorder from mongodb" function=ReadMessageOfUser
time="2020-06-01T00:21:21+08:00" level=info func=Flipped_Server/logger.SetToLogger file="F:/Go_WorkSpace/Projects/src/Flipped_Server/logger/logger.go:40" fields.msg="online user: mrsecond" function=loopFindOnlineUserAndSendMessage
time="2020-06-01T00:21:21+08:00" level=info func=Flipped_Server/logger.SetToLogger file="F:/Go_WorkSpace/Projects/src/Flipped_Server/logger/logger.go:40" fields.msg="online user: mrsecond" function=loopFindOnlineUserAndSendMessage
time="2020-06-01T00:21:21+08:00" level=error msg="not found" func=Flipped_Server/logger.SetToLogger file="F:/Go_WorkSpace/Projects/src/Flipped_Server/logger/logger.go:52" fields.msg="error to read recorder from mongodb" function=ReadMessageOfUser
time="2020-06-01T00:21:21+08:00" level=error msg="not found" func=Flipped_Server/logger.SetToLogger file="F:/Go_WorkSpace/Projects/src/Flipped_Server/logger/logger.go:52" fields.msg="error to read recorder from mongodb" function=ReadMessageOfUser
time="2020-06-01T00:21:24+08:00" level=info func=Flipped_Server/logger.SetToLogger file="F:/Go_WorkSpace/Projects/src/Flipped_Server/logger/logger.go:40" fields.msg="online user: mrsecond" function=loopFindOnlineUserAndSendMessage
time="2020-06-01T00:21:25+08:00" level=error msg="not found" func=Flipped_Server/logger.SetToLogger file="F:/Go_WorkSpace/Projects/src/Flipped_Server/logger/logger.go:52" fields.msg="error to read recorder from mongodb" function=ReadMessageOfUser
time="2020-06-01T00:21:26+08:00" level=info func=Flipped_Server/logger.SetToLogger file="F:/Go_WorkSpace/Projects/src/Flipped_Server/logger/logger.go:40" fields.msg="online user: mrsecond" function=loopFindOnlineUserAndSendMessage
time="2020-06-01T00:21:26+08:00" level=info func=Flipped_Server/logger.SetToLogger file="F:/Go_WorkSpace/Projects/src/Flipped_Server/logger/logger.go:40" fields.msg="online user: mrsecond" function=loopFindOnlineUserAndSendMessage
time="2020-06-01T00:21:26+08:00" level=error msg="not found" func=Flipped_Server/logger.SetToLogger file="F:/Go_WorkSpace/Projects/src/Flipped_Server/logger/logger.go:52" fields.msg="error to read recorder from mongodb" function=ReadMessageOfUser
time="2020-06-01T00:21:26+08:00" level=error msg="not found" func=Flipped_Server/logger.SetToLogger file="F:/Go_WorkSpace/Projects/src/Flipped_Server/logger/logger.go:52" fields.msg="error to read recorder from mongodb" function=ReadMessageOfUser
time="2020-06-01T00:21:29+08:00" level=info func=Flipped_Server/logger.SetToLogger file="F:/Go_WorkSpace/Projects/src/Flipped_Server/logger/logger.go:40" fields.msg="online user: mrsecond" function=loopFindOnlineUserAndSendMessage
time="2020-06-01T00:21:30+08:00" level=error msg="not found" func=Flipped_Server/logger.SetToLogger file="F:/Go_WorkSpace/Projects/src/Flipped_Server/logger/logger.go:52" fields.msg="error to read recorder from mongodb" function=ReadMessageOfUser
time="2020-06-01T00:21:31+08:00" level=info func=Flipped_Server/logger.SetToLogger file="F:/Go_WorkSpace/Projects/src/Flipped_Server/logger/logger.go:40" fields.msg="online user: mrsecond" function=loopFindOnlineUserAndSendMessage
time="2020-06-01T00:21:31+08:00" level=info func=Flipped_Server/logger.SetToLogger file="F:/Go_WorkSpace/Projects/src/Flipped_Server/logger/logger.go:40" fields.msg="online user: mrsecond" function=loopFindOnlineUserAndSendMessage
time="2020-06-01T00:21:31+08:00" level=error msg="not found" func=Flipped_Server/logger.SetToLogger file="F:/Go_WorkSpace/Projects/src/Flipped_Server/logger/logger.go:52" fields.msg="error to read recorder from mongodb" function=ReadMessageOfUser
time="2020-06-01T00:21:31+08:00" level=error msg="not found" func=Flipped_Server/logger.SetToLogger file="F:/Go_WorkSpace/Projects/src/Flipped_Server/logger/logger.go:52" fields.msg="error to read recorder from mongodb" function=ReadMessageOfUser
time="2020-06-01T00:21:34+08:00" level=info func=Flipped_Server/logger.SetToLogger file="F:/Go_WorkSpace/Projects/src/Flipped_Server/logger/logger.go:40" fields.msg="online user: mrsecond" function=loopFindOnlineUserAndSendMessage
time="2020-06-01T00:21:35+08:00" level=error msg="not found" func=Flipped_Server/logger.SetToLogger file="F:/Go_WorkSpace/Projects/src/Flipped_Server/logger/logger.go:52" fields.msg="error to read recorder from mongodb" function=ReadMessageOfUser
time="2020-06-01T00:21:36+08:00" level=info func=Flipped_Server/logger.SetToLogger file="F:/Go_WorkSpace/Projects/src/Flipped_Server/logger/logger.go:40" fields.msg="online user: mrsecond" function=loopFindOnlineUserAndSendMessage
time="2020-06-01T00:21:36+08:00" level=info func=Flipped_Server/logger.SetToLogger file="F:/Go_WorkSpace/Projects/src/Flipped_Server/logger/logger.go:40" fields.msg="online user: mrsecond" function=loopFindOnlineUserAndSendMessage
time="2020-06-01T00:21:36+08:00" level=error msg="not found" func=Flipped_Server/logger.SetToLogger file="F:/Go_WorkSpace/Projects/src/Flipped_Server/logger/logger.go:52" fields.msg="error to read recorder from mongodb" function=ReadMessageOfUser
time="2020-06-01T00:21:36+08:00" level=error msg="not found" func=Flipped_Server/logger.SetToLogger file="F:/Go_WorkSpace/Projects/src/Flipped_Server/logger/logger.go:52" fields.msg="error to read recorder from mongodb" function=ReadMessageOfUser
time="2020-06-01T00:21:39+08:00" level=info func=Flipped_Server/logger.SetToLogger file="F:/Go_WorkSpace/Projects/src/Flipped_Server/logger/logger.go:40" fields.msg="online user: mrsecond" function=loopFindOnlineUserAndSendMessage
time="2020-06-01T00:21:40+08:00" level=error msg="not found" func=Flipped_Server/logger.SetToLogger file="F:/Go_WorkSpace/Projects/src/Flipped_Server/logger/logger.go:52" fields.msg="error to read recorder from mongodb" function=ReadMessageOfUser
time="2020-06-01T00:21:41+08:00" level=info func=Flipped_Server/logger.SetToLogger file="F:/Go_WorkSpace/Projects/src/Flipped_Server/logger/logger.go:40" fields.msg="online user: mrsecond" function=loopFindOnlineUserAndSendMessage
time="2020-06-01T00:21:41+08:00" level=info func=Flipped_Server/logger.SetToLogger file="F:/Go_WorkSpace/Projects/src/Flipped_Server/logger/logger.go:40" fields.msg="online user: mrsecond" function=loopFindOnlineUserAndSendMessage
time="2020-06-01T00:21:41+08:00" level=error msg="not found" func=Flipped_Server/logger.SetToLogger file="F:/Go_WorkSpace/Projects/src/Flipped_Server/logger/logger.go:52" fields.msg="error to read recorder from mongodb" function=ReadMessageOfUser
time="2020-06-01T00:21:41+08:00" level=error msg="not found" func=Flipped_Server/logger.SetToLogger file="F:/Go_WorkSpace/Projects/src/Flipped_Server/logger/logger.go:52" fields.msg="error to read recorder from mongodb" function=ReadMessageOfUser
time="2020-06-01T00:21:44+08:00" level=info func=Flipped_Server/logger.SetToLogger file="F:/Go_WorkSpace/Projects/src/Flipped_Server/logger/logger.go:40" fields.msg="online user: mrsecond" function=loopFindOnlineUserAndSendMessage
time="2020-06-01T00:21:45+08:00" level=error msg="not found" func=Flipped_Server/logger.SetToLogger file="F:/Go_WorkSpace/Projects/src/Flipped_Server/logger/logger.go:52" fields.msg="error to read recorder from mongodb" function=ReadMessageOfUser
time="2020-06-01T00:21:46+08:00" level=info func=Flipped_Server/logger.SetToLogger file="F:/Go_WorkSpace/Projects/src/Flipped_Server/logger/logger.go:40" fields.msg="online user: mrsecond" function=loopFindOnlineUserAndSendMessage
time="2020-06-01T00:21:46+08:00" level=info func=Flipped_Server/logger.SetToLogger file="F:/Go_WorkSpace/Projects/src/Flipped_Server/logger/logger.go:40" fields.msg="online user: mrsecond" function=loopFindOnlineUserAndSendMessage
time="2020-06-01T00:21:46+08:00" level=error msg="not found" func=Flipped_Server/logger.SetToLogger file="F:/Go_WorkSpace/Projects/src/Flipped_Server/logger/logger.go:52" fields.msg="error to read recorder from mongodb" function=ReadMessageOfUser
time="2020-06-01T00:21:46+08:00" level=error msg="not found" func=Flipped_Server/logger.SetToLogger file="F:/Go_WorkSpace/Projects/src/Flipped_Server/logger/logger.go:52" fields.msg="error to read recorder from mongodb" function=ReadMessageOfUser
time="2020-06-01T00:21:49+08:00" level=info func=Flipped_Server/logger.SetToLogger file="F:/Go_WorkSpace/Projects/src/Flipped_Server/logger/logger.go:40" fields.msg="online user: mrsecond" function=loopFindOnlineUserAndSendMessage
time="2020-06-01T00:21:50+08:00" level=error msg="not found" func=Flipped_Server/logger.SetToLogger file="F:/Go_WorkSpace/Projects/src/Flipped_Server/logger/logger.go:52" fields.msg="error to read recorder from mongodb" function=ReadMessageOfUser
time="2020-06-01T00:21:51+08:00" level=info func=Flipped_Server/logger.SetToLogger file="F:/Go_WorkSpace/Projects/src/Flipped_Server/logger/logger.go:40" fields.msg="online user: mrsecond" function=loopFindOnlineUserAndSendMessage
time="2020-06-01T00:21:51+08:00" level=info func=Flipped_Server/logger.SetToLogger file="F:/Go_WorkSpace/Projects/src/Flipped_Server/logger/logger.go:40" fields.msg="online user: mrsecond" function=loopFindOnlineUserAndSendMessage
time="2020-06-01T00:21:51+08:00" level=error msg="not found" func=Flipped_Server/logger.SetToLogger file="F:/Go_WorkSpace/Projects/src/Flipped_Server/logger/logger.go:52" fields.msg="error to read recorder from mongodb" function=ReadMessageOfUser
time="2020-06-01T00:21:51+08:00" level=error msg="not found" func=Flipped_Server/logger.SetToLogger file="F:/Go_WorkSpace/Projects/src/Flipped_Server/logger/logger.go:52" fields.msg="error to read recorder from mongodb" function=ReadMessageOfUser
time="2020-06-01T00:21:54+08:00" level=info func=Flipped_Server/logger.SetToLogger file="F:/Go_WorkSpace/Projects/src/Flipped_Server/logger/logger.go:40" fields.msg="online user: mrsecond" function=loopFindOnlineUserAndSendMessage
time="2020-06-01T00:21:55+08:00" level=error msg="not found" func=Flipped_Server/logger.SetToLogger file="F:/Go_WorkSpace/Projects/src/Flipped_Server/logger/logger.go:52" fields.msg="error to read recorder from mongodb" function=ReadMessageOfUser
time="2020-06-01T00:21:56+08:00" level=info func=Flipped_Server/logger.SetToLogger file="F:/Go_WorkSpace/Projects/src/Flipped_Server/logger/logger.go:40" fields.msg="online user: mrsecond" function=loopFindOnlineUserAndSendMessage
time="2020-06-01T00:21:56+08:00" level=info func=Flipped_Server/logger.SetToLogger file="F:/Go_WorkSpace/Projects/src/Flipped_Server/logger/logger.go:40" fields.msg="online user: mrsecond" function=loopFindOnlineUserAndSendMessage
time="2020-06-01T00:21:56+08:00" level=error msg="not found" func=Flipped_Server/logger.SetToLogger file="F:/Go_WorkSpace/Projects/src/Flipped_Server/logger/logger.go:52" fields.msg="error to read recorder from mongodb" function=ReadMessageOfUser
time="2020-06-01T00:21:56+08:00" level=error msg="not found" func=Flipped_Server/logger.SetToLogger file="F:/Go_WorkSpace/Projects/src/Flipped_Server/logger/logger.go:52" fields.msg="error to read recorder from mongodb" function=ReadMessageOfUser
time="2020-06-01T00:21:59+08:00" level=info func=Flipped_Server/logger.SetToLogger file="F:/Go_WorkSpace/Projects/src/Flipped_Server/logger/logger.go:40" fields.msg="online user: mrsecond" function=loopFindOnlineUserAndSendMessage
time="2020-06-01T00:22:00+08:00" level=error msg="not found" func=Flipped_Server/logger.SetToLogger file="F:/Go_WorkSpace/Projects/src/Flipped_Server/logger/logger.go:52" fields.msg="error to read recorder from mongodb" function=ReadMessageOfUser
time="2020-06-01T00:22:01+08:00" level=info func=Flipped_Server/logger.SetToLogger file="F:/Go_WorkSpace/Projects/src/Flipped_Server/logger/logger.go:40" fields.msg="online user: mrsecond" function=loopFindOnlineUserAndSendMessage
time="2020-06-01T00:22:01+08:00" level=info func=Flipped_Server/logger.SetToLogger file="F:/Go_WorkSpace/Projects/src/Flipped_Server/logger/logger.go:40" fields.msg="online user: mrsecond" function=loopFindOnlineUserAndSendMessage
time="2020-06-01T00:22:01+08:00" level=error msg="not found" func=Flipped_Server/logger.SetToLogger file="F:/Go_WorkSpace/Projects/src/Flipped_Server/logger/logger.go:52" fields.msg="error to read recorder from mongodb" function=ReadMessageOfUser
time="2020-06-01T00:22:01+08:00" level=error msg="not found" func=Flipped_Server/logger.SetToLogger file="F:/Go_WorkSpace/Projects/src/Flipped_Server/logger/logger.go:52" fields.msg="error to read recorder from mongodb" function=ReadMessageOfUser
time="2020-06-01T00:22:04+08:00" level=info func=Flipped_Server/logger.SetToLogger file="F:/Go_WorkSpace/Projects/src/Flipped_Server/logger/logger.go:40" fields.msg="online user: mrsecond" function=loopFindOnlineUserAndSendMessage
time="2020-06-01T00:22:05+08:00" level=error msg="not found" func=Flipped_Server/logger.SetToLogger file="F:/Go_WorkSpace/Projects/src/Flipped_Server/logger/logger.go:52" fields.msg="error to read recorder from mongodb" function=ReadMessageOfUser
time="2020-06-01T00:22:06+08:00" level=info func=Flipped_Server/logger.SetToLogger file="F:/Go_WorkSpace/Projects/src/Flipped_Server/logger/logger.go:40" fields.msg="online user: mrsecond" function=loopFindOnlineUserAndSendMessage
time="2020-06-01T00:22:06+08:00" level=info func=Flipped_Server/logger.SetToLogger file="F:/Go_WorkSpace/Projects/src/Flipped_Server/logger/logger.go:40" fields.msg="online user: mrsecond" function=loopFindOnlineUserAndSendMessage
time="2020-06-01T00:22:06+08:00" level=error msg="not found" func=Flipped_Server/logger.SetToLogger file="F:/Go_WorkSpace/Projects/src/Flipped_Server/logger/logger.go:52" fields.msg="error to read recorder from mongodb" function=ReadMessageOfUser
time="2020-06-01T00:22:06+08:00" level=error msg="not found" func=Flipped_Server/logger.SetToLogger file="F:/Go_WorkSpace/Projects/src/Flipped_Server/logger/logger.go:52" fields.msg="error to read recorder from mongodb" function=ReadMessageOfUser
time="2020-06-01T00:22:09+08:00" level=info func=Flipped_Server/logger.SetToLogger file="F:/Go_WorkSpace/Projects/src/Flipped_Server/logger/logger.go:40" fields.msg="online user: mrsecond" function=loopFindOnlineUserAndSendMessage
time="2020-06-01T00:22:10+08:00" level=error msg="not found" func=Flipped_Server/logger.SetToLogger file="F:/Go_WorkSpace/Projects/src/Flipped_Server/logger/logger.go:52" fields.msg="error to read recorder from mongodb" function=ReadMessageOfUser
time="2020-06-01T00:22:11+08:00" level=info func=Flipped_Server/logger.SetToLogger file="F:/Go_WorkSpace/Projects/src/Flipped_Server/logger/logger.go:40" fields.msg="online user: mrsecond" function=loopFindOnlineUserAndSendMessage
time="2020-06-01T00:22:11+08:00" level=info func=Flipped_Server/logger.SetToLogger file="F:/Go_WorkSpace/Projects/src/Flipped_Server/logger/logger.go:40" fields.msg="online user: mrsecond" function=loopFindOnlineUserAndSendMessage
time="2020-06-01T00:22:11+08:00" level=error msg="not found" func=Flipped_Server/logger.SetToLogger file="F:/Go_WorkSpace/Projects/src/Flipped_Server/logger/logger.go:52" fields.msg="error to read recorder from mongodb" function=ReadMessageOfUser
time="2020-06-01T00:22:11+08:00" level=error msg="not found" func=Flipped_Server/logger.SetToLogger file="F:/Go_WorkSpace/Projects/src/Flipped_Server/logger/logger.go:52" fields.msg="error to read recorder from mongodb" function=ReadMessageOfUser
time="2020-06-01T00:22:14+08:00" level=info func=Flipped_Server/logger.SetToLogger file="F:/Go_WorkSpace/Projects/src/Flipped_Server/logger/logger.go:40" fields.msg="online user: mrsecond" function=loopFindOnlineUserAndSendMessage
time="2020-06-01T00:22:15+08:00" level=error msg="not found" func=Flipped_Server/logger.SetToLogger file="F:/Go_WorkSpace/Projects/src/Flipped_Server/logger/logger.go:52" fields.msg="error to read recorder from mongodb" function=ReadMessageOfUser
time="2020-06-01T00:22:16+08:00" level=info func=Flipped_Server/logger.SetToLogger file="F:/Go_WorkSpace/Projects/src/Flipped_Server/logger/logger.go:40" fields.msg="online user: mrsecond" function=loopFindOnlineUserAndSendMessage
time="2020-06-01T00:22:16+08:00" level=info func=Flipped_Server/logger.SetToLogger file="F:/Go_WorkSpace/Projects/src/Flipped_Server/logger/logger.go:40" fields.msg="online user: mrsecond" function=loopFindOnlineUserAndSendMessage
time="2020-06-01T00:22:16+08:00" level=error msg="not found" func=Flipped_Server/logger.SetToLogger file="F:/Go_WorkSpace/Projects/src/Flipped_Server/logger/logger.go:52" fields.msg="error to read recorder from mongodb" function=ReadMessageOfUser
time="2020-06-01T00:22:16+08:00" level=error msg="not found" func=Flipped_Server/logger.SetToLogger file="F:/Go_WorkSpace/Projects/src/Flipped_Server/logger/logger.go:52" fields.msg="error to read recorder from mongodb" function=ReadMessageOfUser
time="2020-06-01T00:22:19+08:00" level=info func=Flipped_Server/logger.SetToLogger file="F:/Go_WorkSpace/Projects/src/Flipped_Server/logger/logger.go:40" fields.msg="online user: mrsecond" function=loopFindOnlineUserAndSendMessage
time="2020-06-01T00:22:20+08:00" level=error msg="not found" func=Flipped_Server/logger.SetToLogger file="F:/Go_WorkSpace/Projects/src/Flipped_Server/logger/logger.go:52" fields.msg="error to read recorder from mongodb" function=ReadMessageOfUser
time="2020-06-01T00:22:21+08:00" level=info func=Flipped_Server/logger.SetToLogger file="F:/Go_WorkSpace/Projects/src/Flipped_Server/logger/logger.go:40" fields.msg="online user: mrsecond" function=loopFindOnlineUserAndSendMessage
time="2020-06-01T00:22:21+08:00" level=info func=Flipped_Server/logger.SetToLogger file="F:/Go_WorkSpace/Projects/src/Flipped_Server/logger/logger.go:40" fields.msg="online user: mrsecond" function=loopFindOnlineUserAndSendMessage
time="2020-06-01T00:22:21+08:00" level=error msg="not found" func=Flipped_Server/logger.SetToLogger file="F:/Go_WorkSpace/Projects/src/Flipped_Server/logger/logger.go:52" fields.msg="error to read recorder from mongodb" function=ReadMessageOfUser
time="2020-06-01T00:22:21+08:00" level=error msg="not found" func=Flipped_Server/logger.SetToLogger file="F:/Go_WorkSpace/Projects/src/Flipped_Server/logger/logger.go:52" fields.msg="error to read recorder from mongodb" function=ReadMessageOfUser
time="2020-06-01T00:22:24+08:00" level=info func=Flipped_Server/logger.SetToLogger file="F:/Go_WorkSpace/Projects/src/Flipped_Server/logger/logger.go:40" fields.msg="online user: mrsecond" function=loopFindOnlineUserAndSendMessage
time="2020-06-01T00:22:25+08:00" level=error msg="not found" func=Flipped_Server/logger.SetToLogger file="F:/Go_WorkSpace/Projects/src/Flipped_Server/logger/logger.go:52" fields.msg="error to read recorder from mongodb" function=ReadMessageOfUser
time="2020-06-01T00:22:26+08:00" level=info func=Flipped_Server/logger.SetToLogger file="F:/Go_WorkSpace/Projects/src/Flipped_Server/logger/logger.go:40" fields.msg="online user: mrsecond" function=loopFindOnlineUserAndSendMessage
time="2020-06-01T00:22:26+08:00" level=info func=Flipped_Server/logger.SetToLogger file="F:/Go_WorkSpace/Projects/src/Flipped_Server/logger/logger.go:40" fields.msg="online user: mrsecond" function=loopFindOnlineUserAndSendMessage
time="2020-06-01T00:22:26+08:00" level=error msg="not found" func=Flipped_Server/logger.SetToLogger file="F:/Go_WorkSpace/Projects/src/Flipped_Server/logger/logger.go:52" fields.msg="error to read recorder from mongodb" function=ReadMessageOfUser
time="2020-06-01T00:22:26+08:00" level=error msg="not found" func=Flipped_Server/logger.SetToLogger file="F:/Go_WorkSpace/Projects/src/Flipped_Server/logger/logger.go:52" fields.msg="error to read recorder from mongodb" function=ReadMessageOfUser
time="2020-06-01T00:22:29+08:00" level=info func=Flipped_Server/logger.SetToLogger file="F:/Go_WorkSpace/Projects/src/Flipped_Server/logger/logger.go:40" fields.msg="online user: mrsecond" function=loopFindOnlineUserAndSendMessage
time="2020-06-01T00:22:30+08:00" level=error msg="not found" func=Flipped_Server/logger.SetToLogger file="F:/Go_WorkSpace/Projects/src/Flipped_Server/logger/logger.go:52" fields.msg="error to read recorder from mongodb" function=ReadMessageOfUser
time="2020-06-01T00:22:31+08:00" level=info func=Flipped_Server/logger.SetToLogger file="F:/Go_WorkSpace/Projects/src/Flipped_Server/logger/logger.go:40" fields.msg="online user: mrsecond" function=loopFindOnlineUserAndSendMessage
time="2020-06-01T00:22:31+08:00" level=info func=Flipped_Server/logger.SetToLogger file="F:/Go_WorkSpace/Projects/src/Flipped_Server/logger/logger.go:40" fields.msg="online user: mrsecond" function=loopFindOnlineUserAndSendMessage
time="2020-06-01T00:22:31+08:00" level=error msg="not found" func=Flipped_Server/logger.SetToLogger file="F:/Go_WorkSpace/Projects/src/Flipped_Server/logger/logger.go:52" fields.msg="error to read recorder from mongodb" function=ReadMessageOfUser
time="2020-06-01T00:22:31+08:00" level=error msg="not found" func=Flipped_Server/logger.SetToLogger file="F:/Go_WorkSpace/Projects/src/Flipped_Server/logger/logger.go:52" fields.msg="error to read recorder from mongodb" function=ReadMessageOfUser
time="2020-06-01T00:22:34+08:00" level=info func=Flipped_Server/logger.SetToLogger file="F:/Go_WorkSpace/Projects/src/Flipped_Server/logger/logger.go:40" fields.msg="online user: mrsecond" function=loopFindOnlineUserAndSendMessage
time="2020-06-01T00:22:35+08:00" level=error msg="not found" func=Flipped_Server/logger.SetToLogger file="F:/Go_WorkSpace/Projects/src/Flipped_Server/logger/logger.go:52" fields.msg="error to read recorder from mongodb" function=ReadMessageOfUser
time="2020-06-01T00:22:36+08:00" level=info func=Flipped_Server/logger.SetToLogger file="F:/Go_WorkSpace/Projects/src/Flipped_Server/logger/logger.go:40" fields.msg="online user: mrsecond" function=loopFindOnlineUserAndSendMessage
time="2020-06-01T00:22:36+08:00" level=info func=Flipped_Server/logger.SetToLogger file="F:/Go_WorkSpace/Projects/src/Flipped_Server/logger/logger.go:40" fields.msg="online user: mrsecond" function=loopFindOnlineUserAndSendMessage
time="2020-06-01T00:22:36+08:00" level=error msg="not found" func=Flipped_Server/logger.SetToLogger file="F:/Go_WorkSpace/Projects/src/Flipped_Server/logger/logger.go:52" fields.msg="error to read recorder from mongodb" function=ReadMessageOfUser
time="2020-06-01T00:22:36+08:00" level=error msg="not found" func=Flipped_Server/logger.SetToLogger file="F:/Go_WorkSpace/Projects/src/Flipped_Server/logger/logger.go:52" fields.msg="error to read recorder from mongodb" function=ReadMessageOfUser
time="2020-06-01T00:22:39+08:00" level=info func=Flipped_Server/logger.SetToLogger file="F:/Go_WorkSpace/Projects/src/Flipped_Server/logger/logger.go:40" fields.msg="online user: mrsecond" function=loopFindOnlineUserAndSendMessage
time="2020-06-01T00:22:40+08:00" level=error msg="not found" func=Flipped_Server/logger.SetToLogger file="F:/Go_WorkSpace/Projects/src/Flipped_Server/logger/logger.go:52" fields.msg="error to read recorder from mongodb" function=ReadMessageOfUser
time="2020-06-01T00:22:41+08:00" level=info func=Flipped_Server/logger.SetToLogger file="F:/Go_WorkSpace/Projects/src/Flipped_Server/logger/logger.go:40" fields.msg="online user: mrsecond" function=loopFindOnlineUserAndSendMessage
time="2020-06-01T00:22:41+08:00" level=info func=Flipped_Server/logger.SetToLogger file="F:/Go_WorkSpace/Projects/src/Flipped_Server/logger/logger.go:40" fields.msg="online user: mrsecond" function=loopFindOnlineUserAndSendMessage
time="2020-06-01T00:22:41+08:00" level=error msg="not found" func=Flipped_Server/logger.SetToLogger file="F:/Go_WorkSpace/Projects/src/Flipped_Server/logger/logger.go:52" fields.msg="error to read recorder from mongodb" function=ReadMessageOfUser
time="2020-06-01T00:22:41+08:00" level=error msg="not found" func=Flipped_Server/logger.SetToLogger file="F:/Go_WorkSpace/Projects/src/Flipped_Server/logger/logger.go:52" fields.msg="error to read recorder from mongodb" function=ReadMessageOfUser
time="2020-06-01T00:22:44+08:00" level=info func=Flipped_Server/logger.SetToLogger file="F:/Go_WorkSpace/Projects/src/Flipped_Server/logger/logger.go:40" fields.msg="online user: mrsecond" function=loopFindOnlineUserAndSendMessage
time="2020-06-01T00:22:45+08:00" level=error msg="not found" func=Flipped_Server/logger.SetToLogger file="F:/Go_WorkSpace/Projects/src/Flipped_Server/logger/logger.go:52" fields.msg="error to read recorder from mongodb" function=ReadMessageOfUser
time="2020-06-01T00:22:46+08:00" level=info func=Flipped_Server/logger.SetToLogger file="F:/Go_WorkSpace/Projects/src/Flipped_Server/logger/logger.go:40" fields.msg="online user: mrsecond" function=loopFindOnlineUserAndSendMessage
time="2020-06-01T00:22:46+08:00" level=info func=Flipped_Server/logger.SetToLogger file="F:/Go_WorkSpace/Projects/src/Flipped_Server/logger/logger.go:40" fields.msg="online user: mrsecond" function=loopFindOnlineUserAndSendMessage
time="2020-06-01T00:22:46+08:00" level=error msg="not found" func=Flipped_Server/logger.SetToLogger file="F:/Go_WorkSpace/Projects/src/Flipped_Server/logger/logger.go:52" fields.msg="error to read recorder from mongodb" function=ReadMessageOfUser
time="2020-06-01T00:22:46+08:00" level=error msg="not found" func=Flipped_Server/logger.SetToLogger file="F:/Go_WorkSpace/Projects/src/Flipped_Server/logger/logger.go:52" fields.msg="error to read recorder from mongodb" function=ReadMessageOfUser
time="2020-06-01T00:22:49+08:00" level=info func=Flipped_Server/logger.SetToLogger file="F:/Go_WorkSpace/Projects/src/Flipped_Server/logger/logger.go:40" fields.msg="online user: mrsecond" function=loopFindOnlineUserAndSendMessage
time="2020-06-01T00:22:50+08:00" level=error msg="not found" func=Flipped_Server/logger.SetToLogger file="F:/Go_WorkSpace/Projects/src/Flipped_Server/logger/logger.go:52" fields.msg="error to read recorder from mongodb" function=ReadMessageOfUser
time="2020-06-01T00:22:51+08:00" level=info func=Flipped_Server/logger.SetToLogger file="F:/Go_WorkSpace/Projects/src/Flipped_Server/logger/logger.go:40" fields.msg="online user: mrsecond" function=loopFindOnlineUserAndSendMessage
time="2020-06-01T00:22:51+08:00" level=info func=Flipped_Server/logger.SetToLogger file="F:/Go_WorkSpace/Projects/src/Flipped_Server/logger/logger.go:40" fields.msg="online user: mrsecond" function=loopFindOnlineUserAndSendMessage
time="2020-06-01T00:22:51+08:00" level=error msg="not found" func=Flipped_Server/logger.SetToLogger file="F:/Go_WorkSpace/Projects/src/Flipped_Server/logger/logger.go:52" fields.msg="error to read recorder from mongodb" function=ReadMessageOfUser
time="2020-06-01T00:22:51+08:00" level=error msg="not found" func=Flipped_Server/logger.SetToLogger file="F:/Go_WorkSpace/Projects/src/Flipped_Server/logger/logger.go:52" fields.msg="error to read recorder from mongodb" function=ReadMessageOfUser
time="2020-06-01T00:22:54+08:00" level=info func=Flipped_Server/logger.SetToLogger file="F:/Go_WorkSpace/Projects/src/Flipped_Server/logger/logger.go:40" fields.msg="online user: mrsecond" function=loopFindOnlineUserAndSendMessage
time="2020-06-01T00:22:55+08:00" level=error msg="not found" func=Flipped_Server/logger.SetToLogger file="F:/Go_WorkSpace/Projects/src/Flipped_Server/logger/logger.go:52" fields.msg="error to read recorder from mongodb" function=ReadMessageOfUser
time="2020-06-01T00:22:56+08:00" level=info func=Flipped_Server/logger.SetToLogger file="F:/Go_WorkSpace/Projects/src/Flipped_Server/logger/logger.go:40" fields.msg="online user: mrsecond" function=loopFindOnlineUserAndSendMessage
time="2020-06-01T00:22:56+08:00" level=info func=Flipped_Server/logger.SetToLogger file="F:/Go_WorkSpace/Projects/src/Flipped_Server/logger/logger.go:40" fields.msg="online user: mrsecond" function=loopFindOnlineUserAndSendMessage
time="2020-06-01T00:22:56+08:00" level=error msg="not found" func=Flipped_Server/logger.SetToLogger file="F:/Go_WorkSpace/Projects/src/Flipped_Server/logger/logger.go:52" fields.msg="error to read recorder from mongodb" function=ReadMessageOfUser
time="2020-06-01T00:22:56+08:00" level=error msg="not found" func=Flipped_Server/logger.SetToLogger file="F:/Go_WorkSpace/Projects/src/Flipped_Server/logger/logger.go:52" fields.msg="error to read recorder from mongodb" function=ReadMessageOfUser
time="2020-06-01T00:22:59+08:00" level=info func=Flipped_Server/logger.SetToLogger file="F:/Go_WorkSpace/Projects/src/Flipped_Server/logger/logger.go:40" fields.msg="online user: mrsecond" function=loopFindOnlineUserAndSendMessage
time="2020-06-01T00:23:00+08:00" level=error msg="not found" func=Flipped_Server/logger.SetToLogger file="F:/Go_WorkSpace/Projects/src/Flipped_Server/logger/logger.go:52" fields.msg="error to read recorder from mongodb" function=ReadMessageOfUser
time="2020-06-01T00:23:01+08:00" level=info func=Flipped_Server/logger.SetToLogger file="F:/Go_WorkSpace/Projects/src/Flipped_Server/logger/logger.go:40" fields.msg="online user: mrsecond" function=loopFindOnlineUserAndSendMessage
time="2020-06-01T00:23:01+08:00" level=info func=Flipped_Server/logger.SetToLogger file="F:/Go_WorkSpace/Projects/src/Flipped_Server/logger/logger.go:40" fields.msg="online user: mrsecond" function=loopFindOnlineUserAndSendMessage
time="2020-06-01T00:23:01+08:00" level=error msg="not found" func=Flipped_Server/logger.SetToLogger file="F:/Go_WorkSpace/Projects/src/Flipped_Server/logger/logger.go:52" fields.msg="error to read recorder from mongodb" function=ReadMessageOfUser
time="2020-06-01T00:23:01+08:00" level=error msg="not found" func=Flipped_Server/logger.SetToLogger file="F:/Go_WorkSpace/Projects/src/Flipped_Server/logger/logger.go:52" fields.msg="error to read recorder from mongodb" function=ReadMessageOfUser
time="2020-06-01T00:23:04+08:00" level=info func=Flipped_Server/logger.SetToLogger file="F:/Go_WorkSpace/Projects/src/Flipped_Server/logger/logger.go:40" fields.msg="online user: mrsecond" function=loopFindOnlineUserAndSendMessage
time="2020-06-01T00:23:05+08:00" level=error msg="not found" func=Flipped_Server/logger.SetToLogger file="F:/Go_WorkSpace/Projects/src/Flipped_Server/logger/logger.go:52" fields.msg="error to read recorder from mongodb" function=ReadMessageOfUser
time="2020-06-01T00:23:06+08:00" level=info func=Flipped_Server/logger.SetToLogger file="F:/Go_WorkSpace/Projects/src/Flipped_Server/logger/logger.go:40" fields.msg="online user: mrsecond" function=loopFindOnlineUserAndSendMessage
time="2020-06-01T00:23:06+08:00" level=info func=Flipped_Server/logger.SetToLogger file="F:/Go_WorkSpace/Projects/src/Flipped_Server/logger/logger.go:40" fields.msg="online user: mrsecond" function=loopFindOnlineUserAndSendMessage
time="2020-06-01T00:23:06+08:00" level=error msg="not found" func=Flipped_Server/logger.SetToLogger file="F:/Go_WorkSpace/Projects/src/Flipped_Server/logger/logger.go:52" fields.msg="error to read recorder from mongodb" function=ReadMessageOfUser
time="2020-06-01T00:23:06+08:00" level=error msg="not found" func=Flipped_Server/logger.SetToLogger file="F:/Go_WorkSpace/Projects/src/Flipped_Server/logger/logger.go:52" fields.msg="error to read recorder from mongodb" function=ReadMessageOfUser
time="2020-06-01T00:23:09+08:00" level=info func=Flipped_Server/logger.SetToLogger file="F:/Go_WorkSpace/Projects/src/Flipped_Server/logger/logger.go:40" fields.msg="online user: mrsecond" function=loopFindOnlineUserAndSendMessage
time="2020-06-01T00:23:10+08:00" level=error msg="not found" func=Flipped_Server/logger.SetToLogger file="F:/Go_WorkSpace/Projects/src/Flipped_Server/logger/logger.go:52" fields.msg="error to read recorder from mongodb" function=ReadMessageOfUser
time="2020-06-01T00:23:11+08:00" level=info func=Flipped_Server/logger.SetToLogger file="F:/Go_WorkSpace/Projects/src/Flipped_Server/logger/logger.go:40" fields.msg="online user: mrsecond" function=loopFindOnlineUserAndSendMessage
time="2020-06-01T00:23:11+08:00" level=info func=Flipped_Server/logger.SetToLogger file="F:/Go_WorkSpace/Projects/src/Flipped_Server/logger/logger.go:40" fields.msg="online user: mrsecond" function=loopFindOnlineUserAndSendMessage
time="2020-06-01T00:23:11+08:00" level=error msg="not found" func=Flipped_Server/logger.SetToLogger file="F:/Go_WorkSpace/Projects/src/Flipped_Server/logger/logger.go:52" fields.msg="error to read recorder from mongodb" function=ReadMessageOfUser
time="2020-06-01T00:23:11+08:00" level=error msg="not found" func=Flipped_Server/logger.SetToLogger file="F:/Go_WorkSpace/Projects/src/Flipped_Server/logger/logger.go:52" fields.msg="error to read recorder from mongodb" function=ReadMessageOfUser
time="2020-06-01T00:23:14+08:00" level=info func=Flipped_Server/logger.SetToLogger file="F:/Go_WorkSpace/Projects/src/Flipped_Server/logger/logger.go:40" fields.msg="online user: mrsecond" function=loopFindOnlineUserAndSendMessage
time="2020-06-01T00:23:15+08:00" level=error msg="not found" func=Flipped_Server/logger.SetToLogger file="F:/Go_WorkSpace/Projects/src/Flipped_Server/logger/logger.go:52" fields.msg="error to read recorder from mongodb" function=ReadMessageOfUser
time="2020-06-01T00:23:16+08:00" level=info func=Flipped_Server/logger.SetToLogger file="F:/Go_WorkSpace/Projects/src/Flipped_Server/logger/logger.go:40" fields.msg="online user: mrsecond" function=loopFindOnlineUserAndSendMessage
time="2020-06-01T00:23:16+08:00" level=info func=Flipped_Server/logger.SetToLogger file="F:/Go_WorkSpace/Projects/src/Flipped_Server/logger/logger.go:40" fields.msg="online user: mrsecond" function=loopFindOnlineUserAndSendMessage
time="2020-06-01T00:23:16+08:00" level=error msg="not found" func=Flipped_Server/logger.SetToLogger file="F:/Go_WorkSpace/Projects/src/Flipped_Server/logger/logger.go:52" fields.msg="error to read recorder from mongodb" function=ReadMessageOfUser
time="2020-06-01T00:23:16+08:00" level=error msg="not found" func=Flipped_Server/logger.SetToLogger file="F:/Go_WorkSpace/Projects/src/Flipped_Server/logger/logger.go:52" fields.msg="error to read recorder from mongodb" function=ReadMessageOfUser
time="2020-06-01T00:23:19+08:00" level=info func=Flipped_Server/logger.SetToLogger file="F:/Go_WorkSpace/Projects/src/Flipped_Server/logger/logger.go:40" fields.msg="online user: mrsecond" function=loopFindOnlineUserAndSendMessage
time="2020-06-01T00:23:20+08:00" level=error msg="not found" func=Flipped_Server/logger.SetToLogger file="F:/Go_WorkSpace/Projects/src/Flipped_Server/logger/logger.go:52" fields.msg="error to read recorder from mongodb" function=ReadMessageOfUser
time="2020-06-01T00:23:21+08:00" level=info func=Flipped_Server/logger.SetToLogger file="F:/Go_WorkSpace/Projects/src/Flipped_Server/logger/logger.go:40" fields.msg="online user: mrsecond" function=loopFindOnlineUserAndSendMessage
time="2020-06-01T00:23:21+08:00" level=info func=Flipped_Server/logger.SetToLogger file="F:/Go_WorkSpace/Projects/src/Flipped_Server/logger/logger.go:40" fields.msg="online user: mrsecond" function=loopFindOnlineUserAndSendMessage
time="2020-06-01T00:23:21+08:00" level=error msg="not found" func=Flipped_Server/logger.SetToLogger file="F:/Go_WorkSpace/Projects/src/Flipped_Server/logger/logger.go:52" fields.msg="error to read recorder from mongodb" function=ReadMessageOfUser
time="2020-06-01T00:23:21+08:00" level=error msg="not found" func=Flipped_Server/logger.SetToLogger file="F:/Go_WorkSpace/Projects/src/Flipped_Server/logger/logger.go:52" fields.msg="error to read recorder from mongodb" function=ReadMessageOfUser
time="2020-06-01T00:23:24+08:00" level=info func=Flipped_Server/logger.SetToLogger file="F:/Go_WorkSpace/Projects/src/Flipped_Server/logger/logger.go:40" fields.msg="online user: mrsecond" function=loopFindOnlineUserAndSendMessage
time="2020-06-01T00:23:25+08:00" level=error msg="not found" func=Flipped_Server/logger.SetToLogger file="F:/Go_WorkSpace/Projects/src/Flipped_Server/logger/logger.go:52" fields.msg="error to read recorder from mongodb" function=ReadMessageOfUser
time="2020-06-01T00:23:26+08:00" level=info func=Flipped_Server/logger.SetToLogger file="F:/Go_WorkSpace/Projects/src/Flipped_Server/logger/logger.go:40" fields.msg="online user: mrsecond" function=loopFindOnlineUserAndSendMessage
time="2020-06-01T00:23:26+08:00" level=info func=Flipped_Server/logger.SetToLogger file="F:/Go_WorkSpace/Projects/src/Flipped_Server/logger/logger.go:40" fields.msg="online user: mrsecond" function=loopFindOnlineUserAndSendMessage
time="2020-06-01T00:23:27+08:00" level=error msg="not found" func=Flipped_Server/logger.SetToLogger file="F:/Go_WorkSpace/Projects/src/Flipped_Server/logger/logger.go:52" fields.msg="error to read recorder from mongodb" function=ReadMessageOfUser
time="2020-06-01T00:23:27+08:00" level=error msg="not found" func=Flipped_Server/logger.SetToLogger file="F:/Go_WorkSpace/Projects/src/Flipped_Server/logger/logger.go:52" fields.msg="error to read recorder from mongodb" function=ReadMessageOfUser
time="2020-06-01T00:23:29+08:00" level=info func=Flipped_Server/logger.SetToLogger file="F:/Go_WorkSpace/Projects/src/Flipped_Server/logger/logger.go:40" fields.msg="online user: mrsecond" function=loopFindOnlineUserAndSendMessage
time="2020-06-01T00:23:30+08:00" level=error msg="not found" func=Flipped_Server/logger.SetToLogger file="F:/Go_WorkSpace/Projects/src/Flipped_Server/logger/logger.go:52" fields.msg="error to read recorder from mongodb" function=ReadMessageOfUser
time="2020-06-01T00:23:31+08:00" level=info func=Flipped_Server/logger.SetToLogger file="F:/Go_WorkSpace/Projects/src/Flipped_Server/logger/logger.go:40" fields.msg="online user: mrsecond" function=loopFindOnlineUserAndSendMessage
time="2020-06-01T00:23:31+08:00" level=info func=Flipped_Server/logger.SetToLogger file="F:/Go_WorkSpace/Projects/src/Flipped_Server/logger/logger.go:40" fields.msg="online user: mrsecond" function=loopFindOnlineUserAndSendMessage
time="2020-06-01T00:23:31+08:00" level=error msg="not found" func=Flipped_Server/logger.SetToLogger file="F:/Go_WorkSpace/Projects/src/Flipped_Server/logger/logger.go:52" fields.msg="error to read recorder from mongodb" function=ReadMessageOfUser
time="2020-06-01T00:23:31+08:00" level=error msg="not found" func=Flipped_Server/logger.SetToLogger file="F:/Go_WorkSpace/Projects/src/Flipped_Server/logger/logger.go:52" fields.msg="error to read recorder from mongodb" function=ReadMessageOfUser
time="2020-06-01T00:23:34+08:00" level=info func=Flipped_Server/logger.SetToLogger file="F:/Go_WorkSpace/Projects/src/Flipped_Server/logger/logger.go:40" fields.msg="online user: mrsecond" function=loopFindOnlineUserAndSendMessage
time="2020-06-01T00:23:35+08:00" level=error msg="not found" func=Flipped_Server/logger.SetToLogger file="F:/Go_WorkSpace/Projects/src/Flipped_Server/logger/logger.go:52" fields.msg="error to read recorder from mongodb" function=ReadMessageOfUser
